97.07.23 18:32 B c:\web\lemmons\webpage1.htm --> byte.stthomas.edu SYS_HTTP_HOME:[PHIL_HTTP.LEMMONS] webpage1.htm
97.07.23 18:39 B c:\web\lemmons\webpage1.htm --> byte.stthomas.edu SYS_HTTP_HOME:[PHIL_HTTP] webpage1.htm
97.07.23 18:53 B c:\web\lemmons\webpage1.htm --> byte.stthomas.edu SYS_HTTP_HOME:[PHIL_HTTP] webpage1.htm
97.07.23 19:08 B c:\web\lemmons\webpage1.htm --> byte.stthomas.edu SYS_HTTP_HOME:[PHIL_HTTP] webpage1.htm
97.07.23 19:10 B c:\web\lemmons\webpage1.htm --> byte.stthomas.edu SYS_HTTP_HOME:[PHIL_HTTP] webpage1.htm
97.07.23 19:27 B c:\web\lemmons\webpage1.htm --> byte.stthomas.edu SYS_HTTP_HOME:[PHIL_HTTP] webpage1.htm
97.07.23 19:33 B c:\web\lemmons\webpage1.htm --> byte.stthomas.edu SYS_HTTP_HOME:[PHIL_HTTP.LEMMONS] webpage1.htm
97.07.23 19:46 B c:\web\lemmons\115page.htm --> byte.stthomas.edu SYS_HTTP_HOME:[PHIL_HTTP] 115page.htm
97.07.23 19:47 B c:\web\lemmons\115page.htm --> byte.stthomas.edu SYS_HTTP_HOME:[PHIL_HTTP.LEMMONS] 115page.htm
97.07.23 19:47 B c:\web\lemmons\webpage1.htm --> byte.stthomas.edu SYS_HTTP_HOME:[PHIL_HTTP.LEMMONS] webpage1.htm
97.07.23 19:52 B c:\web\LEMMONS\115page.htm --> byte.stthomas.edu SYS_HTTP_HOME:[PHIL_HTTP.LEMMONS] 115page.htm
97.07.29 19:29 B C:\WEB\LEMMONS\webpage1.htm --> byte.stthomas.edu SYS_HTTP_HOME:[PHIL_HTTP.LEMMONS] webpage1.htm
97.07.29 19:31 B C:\WEB\LEMMONS\14550074.TIF;1 <-- WS_FTP32 SYS_HTTP_HOME:[PHIL_HTTP.LEMMONS] 14550074.TIF;1
97.07.29 19:31 B C:\WEB\LEMMONS\15410022.TIF;1 <-- WS_FTP32 SYS_HTTP_HOME:[PHIL_HTTP.LEMMONS] 15410022.TIF;1
97.07.29 19:31 B C:\WEB\LEMMONS\09510076.TIF;1 <-- WS_FTP32 SYS_HTTP_HOME:[PHIL_HTTP.LEMMONS] 09510076.TIF;1
97.07.29 19:49 B c:\web\lemmons\09510076.tif --> byte.stthomas.edu SYS_HTTP_HOME:[PHIL_HTTP.LEMMONS] 09510076.tif
97.07.29 19:49 B c:\web\lemmons\webpage1.htm --> byte.stthomas.edu SYS_HTTP_HOME:[PHIL_HTTP.LEMMONS] webpage1.htm
97.07.29 19:58 B c:\web\lemmons\webpage1.htm --> byte.stthomas.edu SYS_HTTP_HOME:[PHIL_HTTP.LEMMONS] webpage1.htm
97.07.29 20:04 B c:\web\lemmons\earth.gif --> byte.stthomas.edu SYS_HTTP_HOME:[PHIL_HTTP.LEMMONS] earth.gif
97.07.29 20:22 B C:\WEB\LEMMONS\115page.htm --> byte.stthomas.edu SYS_HTTP_HOME:[PHIL_HTTP.LEMMONS] 115page.htm
97.07.29 21:04 B C:\WEB\LEMMONS\BRIDE.GIF --> byte.stthomas.edu SYS_HTTP_HOME:[PHIL_HTTP.LEMMONS] BRIDE.GIF
97.07.29 21:04 B C:\WEB\LEMMONS\FAMILY.GIF --> byte.stthomas.edu SYS_HTTP_HOME:[PHIL_HTTP.LEMMONS] FAMILY.GIF
97.07.29 21:04 B C:\WEB\LEMMONS\KIDS_BEACH.GIF --> byte.stthomas.edu SYS_HTTP_HOME:[PHIL_HTTP.LEMMONS] KIDS_BEACH.GIF
97.07.29 21:05 B C:\WEB\LEMMONS\MEAL.GIF --> byte.stthomas.edu SYS_HTTP_HOME:[PHIL_HTTP.LEMMONS] MEAL.GIF
97.07.29 21:05 B C:\WEB\LEMMONS\MEDIA_GIRL.GIF --> byte.stthomas.edu SYS_HTTP_HOME:[PHIL_HTTP.LEMMONS] MEDIA_GIRL.GIF
97.07.29 21:05 B C:\WEB\LEMMONS\NO_SAILS.GIF --> byte.stthomas.edu SYS_HTTP_HOME:[PHIL_HTTP.LEMMONS] NO_SAILS.GIF
97.07.29 21:05 B C:\WEB\LEMMONS\SAIL.GIF --> byte.stthomas.edu SYS_HTTP_HOME:[PHIL_HTTP.LEMMONS] SAIL.GIF
97.07.29 21:05 B C:\WEB\LEMMONS\STORM.GIF --> byte.stthomas.edu SYS_HTTP_HOME:[PHIL_HTTP.LEMMONS] STORM.GIF
97.07.29 21:14 B c:\web\lemmons\webpage1.htm --> byte.stthomas.edu SYS_HTTP_HOME:[PHIL_HTTP.LEMMONS] webpage1.htm
97.07.29 21:18 B c:\web\lemmons\webpage1.htm --> byte.stthomas.edu SYS_HTTP_HOME:[PHIL_HTTP.LEMMONS] webpage1.htm
97.07.29 21:20 B c:\web\lemmons\webpage1.htm --> byte.stthomas.edu SYS_HTTP_HOME:[PHIL_HTTP.LEMMONS] webpage1.htm
97.07.29 21:22 B c:\web\lemmons\webpage1.htm --> byte.stthomas.edu SYS_HTTP_HOME:[PHIL_HTTP.LEMMONS] webpage1.htm
97.07.29 21:24 B c:\web\lemmons\webpage1.htm --> byte.stthomas.edu SYS_HTTP_HOME:[PHIL_HTTP.LEMMONS] webpage1.htm
97.07.29 21:27 B c:\web\lemmons\webpage1.htm --> byte.stthomas.edu SYS_HTTP_HOME:[PHIL_HTTP.LEMMONS] webpage1.htm
97.07.29 21:36 B c:\web\lemmons\115page.htm --> byte.stthomas.edu SYS_HTTP_HOME:[PHIL_HTTP.LEMMONS] 115page.htm
97.07.29 21:36 B c:\web\lemmons\115syll.htm --> byte.stthomas.edu SYS_HTTP_HOME:[PHIL_HTTP.LEMMONS] 115syll.htm
97.07.29 22:00 B c:\web\lemmons\luv_page.htm --> byte.stthomas.edu SYS_HTTP_HOME:[PHIL_HTTP.LEMMONS] luv_page.htm
97.07.29 22:01 B c:\web\lemmons\webpage1.htm --> byte.stthomas.edu SYS_HTTP_HOME:[PHIL_HTTP.LEMMONS] webpage1.htm
97.08.01 21:42 B c:\web\lemmons\webpage1.htm --> byte.stthomas.edu SYS_HTTP_HOME:[PHIL_HTTP.LEMMONS] webpage1.htm
97.08.01 22:21 B C:\WEB\LEMMONS\MOV_3DHEART.GIF --> byte.stthomas.edu SYS_HTTP_HOME:[PHIL_HTTP.LEMMONS] MOV_3DHEART.GIF
97.08.01 22:21 B C:\WEB\LEMMONS\mov_boat.gif --> byte.stthomas.edu SYS_HTTP_HOME:[PHIL_HTTP.LEMMONS] mov_boat.gif
97.08.01 22:21 B C:\WEB\LEMMONS\MOV_CUPID.GIF --> byte.stthomas.edu SYS_HTTP_HOME:[PHIL_HTTP.LEMMONS] MOV_CUPID.GIF
97.08.01 22:21 B C:\WEB\LEMMONS\MOV_DIVING.GIF --> byte.stthomas.edu SYS_HTTP_HOME:[PHIL_HTTP.LEMMONS] MOV_DIVING.GIF
97.08.01 22:21 B C:\WEB\LEMMONS\mov_eyes.gif --> byte.stthomas.edu SYS_HTTP_HOME:[PHIL_HTTP.LEMMONS] mov_eyes.gif
97.08.01 22:21 B C:\WEB\LEMMONS\MOV_FREAKOUT.GIF --> byte.stthomas.edu SYS_HTTP_HOME:[PHIL_HTTP.LEMMONS] MOV_FREAKOUT.GIF
97.08.01 22:22 B C:\WEB\LEMMONS\MOV_LIGHTS.GIF --> byte.stthomas.edu SYS_HTTP_HOME:[PHIL_HTTP.LEMMONS] MOV_LIGHTS.GIF
97.08.01 22:22 B C:\WEB\LEMMONS\MOV_MARTIAN.GIF --> byte.stthomas.edu SYS_HTTP_HOME:[PHIL_HTTP.LEMMONS] MOV_MARTIAN.GIF
97.08.01 22:22 B C:\WEB\LEMMONS\mov_rose.gif --> byte.stthomas.edu SYS_HTTP_HOME:[PHIL_HTTP.LEMMONS] mov_rose.gif
97.08.01 22:23 B C:\WEB\LEMMONS\ust_banner.gif --> byte.stthomas.edu SYS_HTTP_HOME:[PHIL_HTTP.LEMMONS] ust_banner.gif
97.08.01 22:34 B C:\WEB\LEMMONS\webpage1.htm --> byte.stthomas.edu SYS_HTTP_HOME:[PHIL_HTTP.LEMMONS] webpage1.htm
97.08.01 22:47 B c:\web\lemmons\luv_page.htm --> byte.stthomas.edu SYS_HTTP_HOME:[PHIL_HTTP.LEMMONS] luv_page.htm
97.08.01 23:07 A c:\web\lemmons\sail_set.jpg --> byte.stthomas.edu SYS_HTTP_HOME:[PHIL_HTTP.LEMMONS] sail_set.jpg
97.08.01 23:08 A c:\web\lemmons\webpage1.htm --> byte.stthomas.edu SYS_HTTP_HOME:[PHIL_HTTP.LEMMONS] webpage1.htm
97.08.01 23:15 B c:\web\lemmons\webpage1.htm --> byte.stthomas.edu SYS_HTTP_HOME:[PHIL_HTTP.LEMMONS] webpage1.htm
97.08.01 23:26 B c:\web\lemmons\webpage1.htm --> byte.stthomas.edu SYS_HTTP_HOME:[PHIL_HTTP.LEMMONS] webpage1.htm
97.08.01 23:34 B c:\web\lemmons\215page.htm --> byte.stthomas.edu SYS_HTTP_HOME:[PHIL_HTTP.LEMMONS] 215page.htm
97.08.01 23:37 B c:\web\lemmons\SURFING.ALB --> byte.stthomas.edu SYS_HTTP_HOME:[PHIL_HTTP.LEMMONS] SURFING.ALB
97.08.01 23:41 B c:\web\lemmons\webpage1.htm --> byte.stthomas.edu SYS_HTTP_HOME:[PHIL_HTTP.LEMMONS] webpage1.htm
97.08.01 23:46 B c:\web\lemmons\webpage1.htm --> byte.stthomas.edu SYS_HTTP_HOME:[PHIL_HTTP.LEMMONS] webpage1.htm
97.08.02 00:13 B c:\web\lemmons\SURFING.ALB --> byte.stthomas.edu SYS_HTTP_HOME:[PHIL_HTTP.LEMMONS] SURFING.ALB
97.08.02 00:13 B c:\web\lemmons\SURFING.ALB --> byte.stthomas.edu SYS_HTTP_HOME:[PHIL_HTTP.LEMMONS] SURFING.ALB
97.08.02 00:14 B c:\web\lemmons\surfing.bmp --> byte.stthomas.edu SYS_HTTP_HOME:[PHIL_HTTP.LEMMONS] surfing.bmp
97.08.02 00:14 B c:\web\lemmons\surfing.tif --> byte.stthomas.edu SYS_HTTP_HOME:[PHIL_HTTP.LEMMONS] surfing.tif
97.08.02 00:14 B c:\web\lemmons\scuba.jpg --> byte.stthomas.edu SYS_HTTP_HOME:[PHIL_HTTP.LEMMONS] scuba.jpg
97.08.02 00:14 B c:\web\lemmons\skydive.jpg --> byte.stthomas.edu SYS_HTTP_HOME:[PHIL_HTTP.LEMMONS] skydive.jpg
97.08.02 00:15 B c:\web\lemmons\215page.htm --> byte.stthomas.edu SYS_HTTP_HOME:[PHIL_HTTP.LEMMONS] 215page.htm
97.08.02 00:24 B C:\WEB\LEMMONS\215page.htm --> byte.stthomas.edu SYS_HTTP_HOME:[PHIL_HTTP.LEMMONS] 215page.htm
97.08.02 18:29 B c:\web\lemmons\MOV_3DHEART.GIF --> byte.stthomas.edu SYS_HTTP_HOME:[PHIL_HTTP.LEMMONS] MOV_3DHEART.GIF
97.08.02 18:29 B c:\web\lemmons\mov_3dwelcom.gif --> byte.stthomas.edu SYS_HTTP_HOME:[PHIL_HTTP.LEMMONS] mov_3dwelcom.gif
97.08.02 18:30 B c:\web\lemmons\mov_sailboat.gif --> byte.stthomas.edu SYS_HTTP_HOME:[PHIL_HTTP.LEMMONS] mov_sailboat.gif
97.08.02 18:30 B c:\web\lemmons\mov_spooky.gif --> byte.stthomas.edu SYS_HTTP_HOME:[PHIL_HTTP.LEMMONS] mov_spooky.gif
97.08.02 18:35 B C:\WEB\LEMMONS\webpage1.htm --> byte.stthomas.edu SYS_HTTP_HOME:[PHIL_HTTP.LEMMONS] webpage1.htm
97.08.02 18:44 B C:\WEB\LEMMONS\webpage1.htm --> byte.stthomas.edu SYS_HTTP_HOME:[PHIL_HTTP.LEMMONS] webpage1.htm
97.08.02 19:31 B c:\web\lemmons\115page.htm --> byte.stthomas.edu SYS_HTTP_HOME:[PHIL_HTTP.LEMMONS] 115page.htm
97.08.02 19:31 B c:\web\lemmons\115syll.htm --> byte.stthomas.edu SYS_HTTP_HOME:[PHIL_HTTP.LEMMONS] 115syll.htm
97.08.02 19:33 B c:\web\lemmons\214syl.htm --> byte.stthomas.edu SYS_HTTP_HOME:[PHIL_HTTP.LEMMONS] 214syl.htm
97.08.02 19:33 B c:\web\lemmons\luv_page.htm --> byte.stthomas.edu SYS_HTTP_HOME:[PHIL_HTTP.LEMMONS] luv_page.htm
97.08.02 19:34 B c:\web\lemmons\215page.htm --> byte.stthomas.edu SYS_HTTP_HOME:[PHIL_HTTP.LEMMONS] 215page.htm
97.08.02 19:39 B c:\web\lemmons\115syll.htm --> byte.stthomas.edu SYS_HTTP_HOME:[PHIL_HTTP.LEMMONS] 115syll.htm
97.08.02 19:43 B c:\web\lemmons\115page.htm --> byte.stthomas.edu SYS_HTTP_HOME:[PHIL_HTTP.LEMMONS] 115page.htm
97.08.04 15:38 B c:\web\lemmons\index.html --> byte.stthomas.edu SYS_HTTP_HOME:[PHIL_HTTP.LEMMONS] index.html
97.08.04 15:59 B c:\web\lemmons\repeat.htm --> byte.stthomas.edu SYS_HTTP_HOME:[PHIL_HTTP.LEMMONS] repeat.htm
97.08.04 16:02 B c:\web\lemmons\webpage1.htm --> byte.stthomas.edu SYS_HTTP_HOME:[PHIL_HTTP.LEMMONS] webpage1.htm
97.08.04 16:04 B c:\web\lemmons\webpage1.htm --> byte.stthomas.edu SYS_HTTP_HOME:[PHIL_HTTP.LEMMONS] webpage1.htm
97.08.04 16:07 B c:\web\lemmons\webpage1.htm --> byte.stthomas.edu SYS_HTTP_HOME:[PHIL_HTTP.LEMMONS] webpage1.htm
97.08.04 16:48 B c:\web\lemmons\repeat.htm --> byte.stthomas.edu SYS_HTTP_HOME:[PHIL_HTTP.LEMMONS] repeat.htm
97.08.04 16:54 B c:\web\lemmons\VIT.htm --> byte.stthomas.edu SYS_HTTP_HOME:[PHIL_HTTP.LEMMONS] VIT.htm
97.08.04 16:57 B c:\web\lemmons\webpage1.htm --> byte.stthomas.edu SYS_HTTP_HOME:[PHIL_HTTP.LEMMONS] webpage1.htm
97.08.04 17:16 B C:\WEB\LEMMONS\vit.HTM --> byte.stthomas.edu SYS_HTTP_HOME:[PHIL_HTTP.LEMMONS] vit.HTM
97.08.04 17:16 B C:\WEB\LEMMONS\webpage1.htm --> byte.stthomas.edu SYS_HTTP_HOME:[PHIL_HTTP.LEMMONS] webpage1.htm
97.08.04 17:33 B c:\web\lemmons\115page.htm --> byte.stthomas.edu SYS_HTTP_HOME:[PHIL_HTTP.LEMMONS] 115page.htm
97.08.04 17:33 B c:\web\lemmons\webpage1.htm --> byte.stthomas.edu SYS_HTTP_HOME:[PHIL_HTTP.LEMMONS] webpage1.htm
97.08.04 17:37 B c:\web\lemmons\215page.htm --> byte.stthomas.edu SYS_HTTP_HOME:[PHIL_HTTP.LEMMONS] 215page.htm
97.08.04 17:45 B c:\web\lemmons\great.htm --> byte.stthomas.edu SYS_HTTP_HOME:[PHIL_HTTP.LEMMONS] great.htm
97.08.04 18:06 B c:\web\lemmons\surf.jpg --> byte.stthomas.edu SYS_HTTP_HOME:[PHIL_HTTP.LEMMONS] surf.jpg
97.08.04 18:11 B c:\web\lemmons\surf.jpg --> byte.stthomas.edu SYS_HTTP_HOME:[PHIL_HTTP.LEMMONS] surf.jpg
97.08.04 18:32 B c:\web\lemmons\Image5.jpg --> byte.stthomas.edu SYS_HTTP_HOME:[PHIL_HTTP.LEMMONS] Image5.jpg
97.08.04 18:40 B c:\web\lemmons\215page.htm --> byte.stthomas.edu SYS_HTTP_HOME:[PHIL_HTTP.LEMMONS] 215page.htm
97.08.04 18:52 B c:\web\lemmons\Image5.jpg --> byte.stthomas.edu SYS_HTTP_HOME:[PHIL_HTTP.LEMMONS] Image5.jpg
97.08.04 18:59 B c:\web\lemmons\214syl.htm --> byte.stthomas.edu SYS_HTTP_HOME:[PHIL_HTTP.LEMMONS] 214syl.htm
97.08.04 19:00 B c:\web\lemmons\215page.htm --> byte.stthomas.edu SYS_HTTP_HOME:[PHIL_HTTP.LEMMONS] 215page.htm
97.08.04 19:26 B C:\WEB\LEMMONS\Image6.jpg --> byte.stthomas.edu SYS_HTTP_HOME:[PHIL_HTTP.LEMMONS] Image6.jpg
97.08.04 19:26 B C:\WEB\LEMMONS\Image5.jpg --> byte.stthomas.edu SYS_HTTP_HOME:[PHIL_HTTP.LEMMONS] Image5.jpg
97.08.04 19:26 B C:\WEB\LEMMONS\115syll.htm --> byte.stthomas.edu SYS_HTTP_HOME:[PHIL_HTTP.LEMMONS] 115syll.htm
97.08.04 19:29 B C:\WEB\LEMMONS\coolmail.gif --> byte.stthomas.edu SYS_HTTP_HOME:[PHIL_HTTP.LEMMONS] coolmail.gif
97.08.04 19:36 B C:\WEB\LEMMONS\214syl.htm --> byte.stthomas.edu SYS_HTTP_HOME:[PHIL_HTTP.LEMMONS] 214syl.htm
97.08.04 19:39 B C:\WEB\LEMMONS\215page.htm --> byte.stthomas.edu SYS_HTTP_HOME:[PHIL_HTTP.LEMMONS] 215page.htm
97.08.04 19:40 B C:\WEB\LEMMONS\215page.htm --> byte.stthomas.edu SYS_HTTP_HOME:[PHIL_HTTP.LEMMONS] 215page.htm
97.08.04 19:42 B C:\WEB\LEMMONS\215page.htm --> byte.stthomas.edu SYS_HTTP_HOME:[PHIL_HTTP.LEMMONS] 215page.htm
97.08.04 19:44 B C:\WEB\LEMMONS\214syl.htm --> byte.stthomas.edu SYS_HTTP_HOME:[PHIL_HTTP.LEMMONS] 214syl.htm
97.08.04 19:59 B C:\WEB\LEMMONS\214syl.htm --> byte.stthomas.edu SYS_HTTP_HOME:[PHIL_HTTP.LEMMONS] 214syl.htm
97.08.04 20:00 B C:\WEB\LEMMONS\webpage1.htm --> byte.stthomas.edu SYS_HTTP_HOME:[PHIL_HTTP.LEMMONS] webpage1.htm
97.08.04 20:10 B c:\web\lemmons\214syl.htm --> byte.stthomas.edu SYS_HTTP_HOME:[PHIL_HTTP.LEMMONS] 214syl.htm
97.08.06 18:10 B c:\web\lemmons\214syl2.htm --> byte.stthomas.edu SYS_HTTP_HOME:[PHIL_HTTP.LEMMONS] 214syl2.htm
97.08.06 18:17 B c:\web\lemmons\215page.htm --> byte.stthomas.edu SYS_HTTP_HOME:[PHIL_HTTP.LEMMONS] 215page.htm
97.08.06 18:24 B c:\web\lemmons\214syl2.htm --> byte.stthomas.edu SYS_HTTP_HOME:[PHIL_HTTP.LEMMONS] 214syl2.htm
97.08.06 18:41 B C:\WEB\LEMMONS\214syl2.htm --> byte.stthomas.edu SYS_HTTP_HOME:[PHIL_HTTP.LEMMONS] 214syl2.htm
97.08.06 18:53 B C:\WEB\LEMMONS\214syl2.htm --> byte.stthomas.edu SYS_HTTP_HOME:[PHIL_HTTP.LEMMONS] 214syl2.htm
97.08.06 18:57 B C:\WEB\LEMMONS\214syl2.htm --> byte.stthomas.edu SYS_HTTP_HOME:[PHIL_HTTP.LEMMONS] 214syl2.htm
97.08.12 14:49 B c:\web\lemmons\webpage1.htm --> byte.stthomas.edu SYS_HTTP_HOME:[PHIL_HTTP.LEMMONS] webpage1.htm
97.08.12 14:52 B c:\web\lemmons\INDEX.HTML;1 <-- WS_FTP32 SYS_HTTP_HOME:[PHIL_HTTP.LEMMONS] INDEX.HTML;1
97.08.12 15:06 B c:\web\lemmons\INDEX.HTML;1 --> byte.stthomas.edu SYS_HTTP_HOME:[PHIL_HTTP.LEMMONS] INDEX.HTML;1
97.08.12 15:09 B c:\web\lemmons\INDEX.HTML;1 --> byte.stthomas.edu SYS_HTTP_HOME:[PHIL_HTTP.LEMMONS] INDEX.HTML;1
97.08.12 15:15 B c:\web\lemmons\INDEX.HTML;1 --> byte.stthomas.edu SYS_HTTP_HOME:[PHIL_HTTP.LEMMONS] INDEX.HTML;1
97.08.12 15:16 B c:\web\lemmons\INDEX.HTML;1 --> byte.stthomas.edu SYS_HTTP_HOME:[PHIL_HTTP.LEMMONS] INDEX.HTML;1
97.08.12 15:22 B c:\web\lemmons\INDEX.HTML;1 --> byte.stthomas.edu SYS_HTTP_HOME:[PHIL_HTTP.LEMMONS] INDEX.HTML;1
97.08.12 15:24 B c:\web\lemmons\INDEX.HTML;1 --> byte.stthomas.edu SYS_HTTP_HOME:[PHIL_HTTP.LEMMONS] INDEX.HTML;1
97.08.12 15:25 B c:\web\lemmons\index.html --> byte.stthomas.edu SYS_HTTP_HOME:[PHIL_HTTP.LEMMONS] index.html
97.08.12 15:30 B c:\web\lemmons\115page.htm --> byte.stthomas.edu SYS_HTTP_HOME:[PHIL_HTTP.LEMMONS] 115page.htm
97.08.12 15:34 B c:\web\lemmons\115syll.htm --> byte.stthomas.edu SYS_HTTP_HOME:[PHIL_HTTP.LEMMONS] 115syll.htm
97.08.12 15:39 B c:\web\lemmons\215page.htm --> byte.stthomas.edu SYS_HTTP_HOME:[PHIL_HTTP.LEMMONS] 215page.htm
97.08.12 17:06 B c:\web\lemmons\sail_fun.jpg --> byte.stthomas.edu SYS_HTTP_HOME:[PHIL_HTTP.LEMMONS] sail_fun.jpg
97.08.12 17:12 B c:\web\lemmons\index.html --> byte.stthomas.edu SYS_HTTP_HOME:[PHIL_HTTP.LEMMONS] index.html
97.08.12 17:51 B C:\WEB\LEMMONS\215page.htm --> byte.stthomas.edu SYS_HTTP_HOME:[PHIL_HTTP.LEMMONS] 215page.htm
97.08.12 18:22 B c:\web\lemmons\ICON_SAIL.JPG --> byte.stthomas.edu SYS_HTTP_HOME:[PHIL_HTTP.LEMMONS] ICON_SAIL.JPG
97.08.12 18:31 B c:\web\lemmons\215page.htm --> byte.stthomas.edu SYS_HTTP_HOME:[PHIL_HTTP.LEMMONS] 215page.htm
97.08.12 18:31 B c:\web\lemmons\icon_sail2.jpg --> byte.stthomas.edu SYS_HTTP_HOME:[PHIL_HTTP.LEMMONS] icon_sail2.jpg
97.08.14 14:48 B c:\web\lemmons\sail_sea.jpg --> byte.stthomas.edu SYS_HTTP_HOME:[PHIL_HTTP.LEMMONS] sail_sea.jpg
97.08.14 14:54 B c:\web\lemmons\sail_sea.jpg --> byte.stthomas.edu SYS_HTTP_HOME:[PHIL_HTTP.LEMMONS] sail_sea.jpg
97.08.14 14:59 B c:\web\lemmons\SAIL_SEA.JPG;1 <-- WS_FTP32 SYS_HTTP_HOME:[PHIL_HTTP.LEMMONS] SAIL_SEA.JPG;1
97.08.14 15:06 B c:\web\lemmons\sail_sea.jpg --> byte.stthomas.edu SYS_HTTP_HOME:[PHIL_HTTP.LEMMONS] sail_sea.jpg
97.08.14 15:13 B c:\web\lemmons\sail_sea --> byte.stthomas.edu SYS_HTTP_HOME:[PHIL_HTTP.LEMMONS] sail_sea
97.08.14 15:13 B c:\web\lemmons\index.html --> byte.stthomas.edu SYS_HTTP_HOME:[PHIL_HTTP.LEMMONS] index.html
97.08.14 15:16 B c:\web\lemmons\sail_sea.jpg --> byte.stthomas.edu SYS_HTTP_HOME:[PHIL_HTTP.LEMMONS] sail_sea.jpg
97.08.14 16:21 B c:\web\lemmons\115page.htm --> byte.stthomas.edu SYS_HTTP_HOME:[PHIL_HTTP.LEMMONS] 115page.htm
97.08.14 16:47 B c:\web\lemmons\115page.htm --> byte.stthomas.edu SYS_HTTP_HOME:[PHIL_HTTP.LEMMONS] 115page.htm
97.08.14 16:55 B c:\web\lemmons\PHAEDO.HTM;4 <-- WS_FTP32 SYS_HTTP_HOME:[PHIL_HTTP.WINTER] PHAEDO.HTM;4
97.08.14 16:55 B c:\web\lemmons\PHAEDO.HTM;4 --> byte.stthomas.edu SYS_HTTP_HOME:[PHIL_HTTP.LEMMONS] PHAEDO.HTM;4
97.08.14 17:02 B c:\web\lemmons\115page.htm --> byte.stthomas.edu SYS_HTTP_HOME:[PHIL_HTTP.LEMMONS] 115page.htm
97.08.15 15:31 B c:\web\lemmons\COOLMAIL.GIF;1 <-- WS_FTP32 SYS_HTTP_HOME:[PHIL_HTTP.LEMMONS] COOLMAIL.GIF;1
97.08.15 17:00 B c:\web\lemmons\COOLMAIL.GIF;1 <-- WS_FTP32 SYS_HTTP_HOME:[PHIL_HTTP.WINTER] COOLMAIL.GIF;1
97.08.15 17:00 B c:\web\lemmons\COOLMAIL.GIF;1 --> byte.stthomas.edu SYS_HTTP_HOME:[PHIL_HTTP.LEMMONS] COOLMAIL.GIF;1
97.08.17 15:52 B c:\web\lemmons\index.html --> byte.stthomas.edu SYS_HTTP_HOME:[PHIL_HTTP.LEMMONS] index.html
97.08.17 16:27 B c:\web\lemmons\surf_fun2.gif --> byte.stthomas.edu SYS_HTTP_HOME:[PHIL_HTTP.LEMMONS] surf_fun2.gif
97.08.17 16:44 B c:\web\lemmons\215page.htm --> byte.stthomas.edu SYS_HTTP_HOME:[PHIL_HTTP.LEMMONS] 215page.htm
97.08.17 16:55 B c:\web\lemmons\POEM_TRU.GIF --> byte.stthomas.edu SYS_HTTP_HOME:[PHIL_HTTP.LEMMONS] POEM_TRU.GIF
97.08.17 17:00 B c:\web\lemmons\poem_tru.BAN --> byte.stthomas.edu SYS_HTTP_HOME:[PHIL_HTTP.LEMMONS] poem_tru.BAN
97.08.18 16:16 B c:\web\lemmons\SAIL_FUN.JPG;1 <-- WS_FTP32 SYS_HTTP_HOME:[PHIL_HTTP.LEMMONS] SAIL_FUN.JPG;1
97.08.21 15:56 B c:\web\lemmons\sail_sea --> byte.stthomas.edu SYS_HTTP_HOME:[PHIL_HTTP.LEMMONS] sail_sea
97.08.21 15:56 B c:\web\lemmons\sail_sea.gif --> byte.stthomas.edu SYS_HTTP_HOME:[PHIL_HTTP.LEMMONS] sail_sea.gif
97.08.21 15:56 B c:\web\lemmons\sail_sea.jpg --> byte.stthomas.edu SYS_HTTP_HOME:[PHIL_HTTP.LEMMONS] sail_sea.jpg
97.08.21 15:56 B c:\web\lemmons\SAIL_SEA2.JPG --> byte.stthomas.edu SYS_HTTP_HOME:[PHIL_HTTP.LEMMONS] SAIL_SEA2.JPG
97.08.21 18:01 B c:\web\lemmons\index.html --> byte.stthomas.edu SYS_HTTP_HOME:[PHIL_HTTP.LEMMONS] index.html
97.08.21 18:09 B c:\web\lemmons\115page.htm --> byte.stthomas.edu SYS_HTTP_HOME:[PHIL_HTTP.LEMMONS] 115page.htm
97.08.22 21:01 B c:\web\lemmons\talk.html --> byte.stthomas.edu SYS_HTTP_HOME:[PHIL_HTTP.LEMMONS.DISCUSS] talk.html
97.08.22 22:02 B c:\web\lemmons\115syll.htm --> byte.stthomas.edu SYS_HTTP_HOME:[PHIL_HTTP.LEMMONS] 115syll.htm
97.08.22 22:07 B c:\web\lemmons\repeat.htm --> byte.stthomas.edu SYS_HTTP_HOME:[PHIL_HTTP.LEMMONS] repeat.htm
97.08.22 22:13 B c:\web\lemmons\215page.htm --> byte.stthomas.edu SYS_HTTP_HOME:[PHIL_HTTP.LEMMONS] 215page.htm
97.08.22 22:27 B c:\web\lemmons\STA-TXTS.htm --> byte.stthomas.edu SYS_HTTP_HOME:[PHIL_HTTP.LEMMONS] STA-TXTS.htm
97.08.22 22:27 B c:\web\lemmons\Paul-txt.htm --> byte.stthomas.edu SYS_HTTP_HOME:[PHIL_HTTP.LEMMONS] Paul-txt.htm
97.08.22 22:28 B c:\web\lemmons\COMING-TXT.htm --> byte.stthomas.edu SYS_HTTP_HOME:[PHIL_HTTP.LEMMONS] COMING-TXT.htm
97.08.22 22:30 B c:\web\lemmons\COMING-TXT.htm --> byte.stthomas.edu SYS_HTTP_HOME:[PHIL_HTTP.LEMMONS] COMING-TXT.htm
97.08.22 22:34 B c:\web\lemmons\115page.htm --> byte.stthomas.edu SYS_HTTP_HOME:[PHIL_HTTP.LEMMONS] 115page.htm
97.08.22 22:37 B c:\web\lemmons\COMING-TXT.htm --> byte.stthomas.edu SYS_HTTP_HOME:[PHIL_HTTP.LEMMONS] COMING-TXT.htm
97.08.22 22:37 B c:\web\lemmons\115syll.htm --> byte.stthomas.edu SYS_HTTP_HOME:[PHIL_HTTP.LEMMONS] 115syll.htm
97.08.22 22:40 B c:\web\lemmons\COMING-TXT.htm --> byte.stthomas.edu SYS_HTTP_HOME:[PHIL_HTTP.LEMMONS] COMING-TXT.htm
97.08.22 22:42 B c:\web\lemmons\COMING-TXT.htm --> byte.stthomas.edu SYS_HTTP_HOME:[PHIL_HTTP.LEMMONS] COMING-TXT.htm
97.08.22 22:44 B c:\web\lemmons\115page.htm --> byte.stthomas.edu SYS_HTTP_HOME:[PHIL_HTTP.LEMMONS] 115page.htm
97.08.22 22:54 B c:\web\lemmons\115page.htm --> byte.stthomas.edu SYS_HTTP_HOME:[PHIL_HTTP.LEMMONS] 115page.htm
97.08.22 22:59 B c:\web\lemmons\115syll.htm --> byte.stthomas.edu SYS_HTTP_HOME:[PHIL_HTTP.LEMMONS] 115syll.htm
97.08.22 23:02 B c:\web\lemmons\115syll.htm --> byte.stthomas.edu SYS_HTTP_HOME:[PHIL_HTTP.LEMMONS] 115syll.htm
97.08.22 23:08 B c:\web\lemmons\115syll.htm --> byte.stthomas.edu SYS_HTTP_HOME:[PHIL_HTTP.LEMMONS] 115syll.htm
97.08.23 11:44 B c:\web\lemmons\repeat.htm --> byte.stthomas.edu SYS_HTTP_HOME:[PHIL_HTTP.LEMMONS] repeat.htm
97.08.23 11:52 B c:\web\lemmons\115syll-rv.htm --> byte.stthomas.edu SYS_HTTP_HOME:[PHIL_HTTP.LEMMONS] 115syll-rv.htm
97.08.23 11:55 B c:\web\lemmons\115page.htm --> byte.stthomas.edu SYS_HTTP_HOME:[PHIL_HTTP.LEMMONS] 115page.htm
97.08.23 11:56 B c:\web\lemmons\115syll.htm --> byte.stthomas.edu SYS_HTTP_HOME:[PHIL_HTTP.LEMMONS] 115syll.htm
97.08.23 12:13 B c:\web\lemmons\215page.htm --> byte.stthomas.edu SYS_HTTP_HOME:[PHIL_HTTP.LEMMONS] 215page.htm
97.08.23 12:17 B c:\web\lemmons\sail2_sea.jpg --> byte.stthomas.edu SYS_HTTP_HOME:[PHIL_HTTP.LEMMONS] sail2_sea.jpg
97.08.23 12:41 B c:\web\lemmons\masefield.jpg --> byte.stthomas.edu SYS_HTTP_HOME:[PHIL_HTTP.LEMMONS] masefield.jpg
97.08.23 12:44 B c:\web\lemmons\index.html --> byte.stthomas.edu SYS_HTTP_HOME:[PHIL_HTTP.LEMMONS] index.html
97.08.23 12:45 B c:\web\lemmons\index.html --> byte.stthomas.edu SYS_HTTP_HOME:[PHIL_HTTP.LEMMONS] index.html
97.08.24 16:59 B c:\web\lemmons\115syll.htm --> byte.stthomas.edu SYS_HTTP_HOME:[PHIL_HTTP.LEMMONS] 115syll.htm
97.08.24 17:05 B c:\web\lemmons\115syll.htm --> byte.stthomas.edu SYS_HTTP_HOME:[PHIL_HTTP.LEMMONS] 115syll.htm
97.09.04 15:51 B c:\web\lemmons\214syl2.htm --> byte.stthomas.edu SYS_HTTP_HOME:[PHIL_HTTP.LEMMONS] 214syl2.htm
97.09.11 15:13 B c:\web\lemmons\talk.html --> byte.stthomas.edu SYS_HTTP_HOME:[PHIL_HTTP.LEMMONS.DISCUSS] talk.html
97.09.11 18:52 B c:\web\lemmons\talk.html --> byte.stthomas.edu SYS_HTTP_HOME:[PHIL_HTTP.LEMMONS.DISCUSS] talk.html
97.09.11 19:06 B c:\web\lemmons\forum_person.html --> byte.stthomas.edu SYS_HTTP_HOME:[PHIL_HTTP.LEMMONS.DISCUSS] forum_person.html
97.09.11 19:09 B c:\web\lemmons\forum_person.html --> byte.stthomas.edu SYS_HTTP_HOME:[PHIL_HTTP.LEMMONS.DISCUSS] forum_person.html
97.09.18 18:43 B c:\web\lemmons\index.html --> byte.stthomas.edu SYS_HTTP_HOME:[PHIL_HTTP.LEMMONS] index.html
97.09.18 19:33 B c:\web\lemmons\TUTORS.htm --> byte.stthomas.edu SYS_HTTP_HOME:[PHIL_HTTP.LEMMONS] TUTORS.htm
97.09.18 19:39 B c:\web\lemmons\index.html --> byte.stthomas.edu SYS_HTTP_HOME:[PHIL_HTTP.LEMMONS] index.html
97.09.18 19:44 B c:\web\lemmons\index.html --> byte.stthomas.edu SYS_HTTP_HOME:[PHIL_HTTP.LEMMONS] index.html
97.09.18 19:47 B c:\web\lemmons\tutors.htm --> byte.stthomas.edu SYS_HTTP_HOME:[PHIL_HTTP.LEMMONS] tutors.htm
97.09.19 16:29 B C:\WEB\LEMMONS\tutors.htm --> byte.stthomas.edu SYS_HTTP_HOME:[PHIL_HTTP.LEMMONS] tutors.htm
97.09.19 16:35 B C:\WEB\LEMMONS\tutors.htm --> byte.stthomas.edu SYS_HTTP_HOME:[PHIL_HTTP] tutors.htm
97.09.19 16:38 B C:\WEB\LEMMONS\TUTOR_OLD.HTML;1 <-- WS_FTP32 SYS_HTTP_HOME:[PHIL_HTTP] TUTOR_OLD.HTML;1
97.09.19 16:38 B C:\WEB\LEMMONS\TUTORPD.HTML;1 <-- WS_FTP32 SYS_HTTP_HOME:[PHIL_HTTP] TUTORPD.HTML;1
97.09.19 16:45 B C:\WEB\LEMMONS\TUTORPD.HTML;1 --> byte.stthomas.edu SYS_HTTP_HOME:[PHIL_HTTP] TUTORPD.HTML;1
97.09.19 16:49 B C:\WEB\LEMMONS\TUTORPD.HTML;1 --> byte.stthomas.edu SYS_HTTP_HOME:[000000.PHIL_HTTP] TUTORPD.HTML;1
97.09.19 16:52 B C:\WEB\LEMMONS\MOV_LIGHTS.GIF --> byte.stthomas.edu SYS_HTTP_HOME:[000000.PHIL_HTTP] MOV_LIGHTS.GIF
97.09.23 15:50 B c:\web\lemmons\tutors.htm --> byte.stthomas.edu SYS_HTTP_HOME:[PHIL_HTTP.LEMMONS] tutors.htm
97.09.23 15:50 B c:\web\lemmons\tutors.htm --> byte.stthomas.edu SYS_HTTP_HOME:[PHIL_HTTP.LEMMONS] tutors.htm
97.09.23 15:54 B c:\web\lemmons\tutorpd.html --> byte.stthomas.edu SYS_HTTP_HOME:[PHIL_HTTP] tutorpd.html
97.09.23 16:00 B c:\web\lemmons\tutorpd.html --> byte.stthomas.edu SYS_HTTP_HOME:[PHIL_HTTP] tutorpd.html
97.09.23 16:00 B c:\web\lemmons\tutors.htm --> byte.stthomas.edu SYS_HTTP_HOME:[PHIL_HTTP.LEMMONS] tutors.htm
97.09.23 19:30 B c:\web\lemmons\talk.html --> byte.stthomas.edu SYS_HTTP_HOME:[PHIL_HTTP.LEMMONS.DISCUSS] talk.html
97.09.23 19:31 B c:\web\lemmons\talk2.html --> byte.stthomas.edu SYS_HTTP_HOME:[PHIL_HTTP.LEMMONS.DISCUSS] talk2.html
97.09.25 19:40 B c:\web\lemmons\cond.htm --> byte.stthomas.edu SYS_HTTP_HOME:[PHIL_HTTP.LEMMONS] cond.htm
97.09.25 19:43 B c:\web\lemmons\115page.htm --> byte.stthomas.edu SYS_HTTP_HOME:[PHIL_HTTP.LEMMONS] 115page.htm
97.09.25 20:49 B c:\web\lemmons\TUTORS.HTM --> byte.stthomas.edu SYS_HTTP_HOME:[PHIL_HTTP.LEMMONS] TUTORS.HTM
97.09.25 20:51 B c:\web\lemmons\TUTORPD.HTML --> byte.stthomas.edu SYS_HTTP_HOME:[PHIL_HTTP] TUTORPD.HTML
97.09.25 21:05 B c:\web\lemmons\tutors.htm --> byte.stthomas.edu SYS_HTTP_HOME:[PHIL_HTTP.LEMMONS] tutors.htm
97.09.25 21:05 B c:\web\lemmons\tutorpd.html --> byte.stthomas.edu SYS_HTTP_HOME:[PHIL_HTTP] tutorpd.html
97.09.28 13:41 B c:\web\lemmons\tutorpd.html --> byte.stthomas.edu SYS_HTTP_HOME:[PHIL_HTTP] tutorpd.html
97.09.28 14:04 B c:\web\lemmons\tutorpd.html --> byte.stthomas.edu SYS_HTTP_HOME:[PHIL_HTTP] tutorpd.html
97.09.28 14:09 B c:\web\lemmons\tutorpd.html --> byte.stthomas.edu SYS_HTTP_HOME:[PHIL_HTTP] tutorpd.html
97.09.28 14:12 B c:\web\lemmons\tutorpd.html --> byte.stthomas.edu SYS_HTTP_HOME:[PHIL_HTTP] tutorpd.html
97.09.28 14:12 B c:\web\lemmons\tutorpd.html --> byte.stthomas.edu SYS_HTTP_HOME:[PHIL_HTTP.LEMMONS] tutorpd.html
97.09.28 14:18 B c:\web\lemmons\tutorpd.html --> byte.stthomas.edu SYS_HTTP_HOME:[PHIL_HTTP] tutorpd.html
97.09.28 14:20 B c:\web\lemmons\tutorpd.html --> byte.stthomas.edu SYS_HTTP_HOME:[PHIL_HTTP] tutorpd.html
97.09.28 14:21 B c:\web\lemmons\tutorpd.html --> byte.stthomas.edu SYS_HTTP_HOME:[000000.PHIL_HTTP] tutorpd.html
97.09.28 14:22 B c:\web\lemmons\tutorpd.html --> byte.stthomas.edu SYS_HTTP_HOME:[000000.PHIL_HTTP.LEMMONS] tutorpd.html
97.09.28 14:22 B c:\web\lemmons\tutorpd.html --> byte.stthomas.edu SYS_HTTP_HOME:[000000.PHIL_HTTP.LEMMONS] tutorpd.html
97.10.01 16:35 B c:\web\LEMMONS\luv_page.htm --> byte.stthomas.edu SYS_HTTP_HOME:[PHIL_HTTP.LEMMONS] luv_page.htm
97.10.01 16:49 B c:\web\lemmons\luv_page.htm --> byte.stthomas.edu SYS_HTTP_HOME:[PHIL_HTTP.LEMMONS] luv_page.htm
97.10.01 16:52 B c:\web\lemmons\index.html --> byte.stthomas.edu SYS_HTTP_HOME:[PHIL_HTTP.LEMMONS] index.html
97.10.02 18:38 B c:\web\lemmons\215page.htm --> byte.stthomas.edu SYS_HTTP_HOME:[PHIL_HTTP.LEMMONS] 215page.htm
97.10.02 19:43 B c:\web\lemmons\luv_page.htm --> byte.stthomas.edu SYS_HTTP_HOME:[PHIL_HTTP.LEMMONS] luv_page.htm
97.10.03 17:22 B c:\web\lemmons\tutors.htm --> byte.stthomas.edu SYS_HTTP_HOME:[PHIL_HTTP.LEMMONS] tutors.htm
97.10.03 17:43 B c:\web\lemmons\index.html --> byte.stthomas.edu SYS_HTTP_HOME:[PHIL_HTTP.LEMMONS] index.html
97.10.03 17:48 B c:\web\lemmons\index.html --> byte.stthomas.edu SYS_HTTP_HOME:[PHIL_HTTP.LEMMONS] index.html
97.10.03 17:50 B c:\web\lemmons\index.html --> byte.stthomas.edu SYS_HTTP_HOME:[PHIL_HTTP.LEMMONS] index.html
97.10.03 17:53 B c:\web\lemmons\vit.htm --> byte.stthomas.edu SYS_HTTP_HOME:[PHIL_HTTP.LEMMONS] vit.htm
97.10.07 19:30 B c:\web\LEMMONS\115page.htm --> byte.stthomas.edu SYS_HTTP_HOME:[PHIL_HTTP.LEMMONS] 115page.htm
97.10.07 19:48 B c:\web\LEMMONS\p-aqu-cont.htm --> byte.stthomas.edu SYS_HTTP_HOME:[PHIL_HTTP.LEMMONS] p-aqu-cont.htm
97.10.07 19:49 B c:\web\LEMMONS\p-aqu-cont.htm --> byte.stthomas.edu SYS_HTTP_HOME:[PHIL_HTTP.LEMMONS] p-aqu-cont.htm
97.10.07 19:51 B c:\web\LEMMONS\p-aqu-cont.htm --> byte.stthomas.edu SYS_HTTP_HOME:[PHIL_HTTP.LEMMONS] p-aqu-cont.htm
97.10.07 19:54 B c:\web\LEMMONS\p-aqu-cont.htm --> byte.stthomas.edu SYS_HTTP_HOME:[PHIL_HTTP.LEMMONS] p-aqu-cont.htm
97.10.07 19:57 B c:\web\LEMMONS\p-aqu-cont.htm --> byte.stthomas.edu SYS_HTTP_HOME:[PHIL_HTTP.LEMMONS] p-aqu-cont.htm
97.10.07 20:02 B c:\web\LEMMONS\p-aqu-def.htm --> byte.stthomas.edu SYS_HTTP_HOME:[PHIL_HTTP.LEMMONS] p-aqu-def.htm
97.10.07 20:07 B c:\web\LEMMONS\p-aqu-cont.htm --> byte.stthomas.edu SYS_HTTP_HOME:[PHIL_HTTP.LEMMONS] p-aqu-cont.htm
97.10.07 20:09 B c:\web\LEMMONS\p-aqu-cont.htm --> byte.stthomas.edu SYS_HTTP_HOME:[PHIL_HTTP.LEMMONS] p-aqu-cont.htm
97.10.07 20:11 B c:\web\LEMMONS\p-aqu-cont.htm --> byte.stthomas.edu SYS_HTTP_HOME:[PHIL_HTTP.LEMMONS] p-aqu-cont.htm
97.10.09 19:17 B c:\web\lemmons\cond.htm --> byte.stthomas.edu SYS_HTTP_HOME:[PHIL_HTTP.LEMMONS] cond.htm
97.10.09 19:22 B c:\web\lemmons\cond.htm --> byte.stthomas.edu SYS_HTTP_HOME:[PHIL_HTTP.LEMMONS] cond.htm
97.10.09 19:29 B c:\web\lemmons\cond-ans.htm --> byte.stthomas.edu SYS_HTTP_HOME:[PHIL_HTTP.LEMMONS] cond-ans.htm
97.10.09 19:30 B c:\web\lemmons\cond.htm --> byte.stthomas.edu SYS_HTTP_HOME:[PHIL_HTTP.LEMMONS] cond.htm
97.10.09 19:47 B c:\web\lemmons\talk.html --> byte.stthomas.edu SYS_HTTP_HOME:[PHIL_HTTP.LEMMONS.DISCUSS] talk.html
97.10.14 18:13 B c:\web\lemmons\115page.htm --> byte.stthomas.edu SYS_HTTP_HOME:[PHIL_HTTP.LEMMONS] 115page.htm
97.10.20 23:01 B c:\web\lemmons\talk.html --> byte.stthomas.edu SYS_HTTP_HOME:[PHIL_HTTP.LEMMONS.DISCUSS] talk.html
97.10.21 18:45 B c:\web\lemmons\aqu-pic.jpg --> byte.stthomas.edu SYS_HTTP_HOME:[PHIL_HTTP.LEMMONS] aqu-pic.jpg
97.10.23 18:52 B c:\web\lemmons\talk.html --> byte.stthomas.edu SYS_HTTP_HOME:[PHIL_HTTP.LEMMONS.DISCUSS] talk.html
97.10.23 18:57 B c:\web\lemmons\talk.html --> byte.stthomas.edu SYS_HTTP_HOME:[PHIL_HTTP.LEMMONS.DISCUSS] talk.html
97.11.04 17:27 B c:\web\lemmons\talk.html --> byte.stthomas.edu SYS_HTTP_HOME:[PHIL_HTTP.LEMMONS.DISCUSS] talk.html
97.11.19 16:12 B c:\web\lemmons\talk.html --> byte.stthomas.edu SYS_HTTP_HOME:[PHIL_HTTP.LEMMONS.DISCUSS] talk.html
97.12.04 17:53 B c:\web\lemmons\215page.htm --> byte.stthomas.edu SYS_HTTP_HOME:[PHIL_HTTP.LEMMONS] 215page.htm
97.12.04 17:57 B c:\web\lemmons\215page.htm --> byte.stthomas.edu SYS_HTTP_HOME:[PHIL_HTTP.LEMMONS] 215page.htm
97.12.04 17:57 B c:\web\lemmons\215page.htm --> byte.stthomas.edu SYS_HTTP_HOME:[PHIL_HTTP.LEMMONS] 215page.htm
98.01.03 16:46 B c:\web\lemmons\index.html --> byte.stthomas.edu SYS_HTTP_HOME:[PHIL_HTTP.LEMMONS] index.html
98.01.03 16:49 B c:\web\lemmons\tutors.htm --> byte.stthomas.edu SYS_HTTP_HOME:[PHIL_HTTP.LEMMONS] tutors.htm
98.01.03 16:49 B c:\web\lemmons\tutors.htm --> byte.stthomas.edu SYS_HTTP_HOME:[PHIL_HTTP] tutors.htm
98.01.03 16:58 B c:\web\lemmons\115page.htm --> byte.stthomas.edu SYS_HTTP_HOME:[PHIL_HTTP.LEMMONS] 115page.htm
98.01.03 17:00 B c:\web\lemmons\index.html --> byte.stthomas.edu SYS_HTTP_HOME:[PHIL_HTTP.LEMMONS] index.html
98.01.03 17:04 B c:\web\lemmons\115page.htm --> byte.stthomas.edu SYS_HTTP_HOME:[PHIL_HTTP.LEMMONS] 115page.htm
98.01.03 17:04 B c:\web\lemmons\talk.html --> byte.stthomas.edu SYS_HTTP_HOME:[PHIL_HTTP.LEMMONS.DISCUSS] talk.html
98.01.03 17:09 B c:\web\lemmons\115syll.htm --> byte.stthomas.edu SYS_HTTP_HOME:[PHIL_HTTP.LEMMONS] 115syll.htm
98.01.03 17:16 B c:\web\lemmons\luv_page.htm --> byte.stthomas.edu SYS_HTTP_HOME:[PHIL_HTTP.LEMMONS] luv_page.htm
98.01.25 16:00 B c:\web\lemmons\115page.htm --> byte.stthomas.edu SYS_HTTP_HOME:[PHIL_HTTP.LEMMONS] 115page.htm
98.01.25 16:01 B c:\web\lemmons\index.html --> byte.stthomas.edu SYS_HTTP_HOME:[PHIL_HTTP.LEMMONS] index.html
98.01.27 16:20 B c:\web\lemmons\115syll.htm --> byte.stthomas.edu SYS_HTTP_HOME:[PHIL_HTTP.LEMMONS] 115syll.htm
98.02.01 18:08 B c:\web\lemmons\tutors.htm --> byte.stthomas.edu SYS_HTTP_HOME:[PHIL_HTTP.LEMMONS] tutors.htm
98.02.01 18:08 B c:\web\lemmons\TUTORS.F97;1 <-- WS_FTP32 SYS_HTTP_HOME:[PHIL_HTTP.LEMMONS] TUTORS.F97;1
98.02.01 18:12 B c:\web\lemmons\tutorpd.html --> byte.stthomas.edu SYS_HTTP_HOME:[PHIL_HTTP] tutorpd.html
98.02.01 18:12 B c:\web\lemmons\tutors.htm --> byte.stthomas.edu SYS_HTTP_HOME:[PHIL_HTTP] tutors.htm
98.02.01 19:41 B c:\web\lemmons\115syll.htm --> byte.stthomas.edu SYS_HTTP_HOME:[PHIL_HTTP.LEMMONS] 115syll.htm
98.02.01 19:45 B c:\web\lemmons\115syll.htm --> byte.stthomas.edu SYS_HTTP_HOME:[PHIL_HTTP.LEMMONS] 115syll.htm
98.02.01 19:54 B c:\web\lemmons\TALK.html --> byte.stthomas.edu SYS_HTTP_HOME:[PHIL_HTTP.LEMMONS.DISCUSS] TALK.html
98.02.01 20:24 B c:\web\lemmons\TALK.html --> byte.stthomas.edu SYS_HTTP_HOME:[PHIL_HTTP.LEMMONS.DISCUSS] TALK.html
98.02.02 17:15 B C:\WEB\LEMMONS\SNACKS.htm --> byte.stthomas.edu SYS_HTTP_HOME:[PHIL_HTTP.LEMMONS] SNACKS.htm
98.02.02 17:21 B C:\WEB\LEMMONS\115page.htm --> byte.stthomas.edu SYS_HTTP_HOME:[PHIL_HTTP.LEMMONS] 115page.htm
98.02.02 17:24 B C:\WEB\LEMMONS\115page.htm --> byte.stthomas.edu SYS_HTTP_HOME:[PHIL_HTTP.LEMMONS] 115page.htm
98.02.02 17:26 B C:\WEB\LEMMONS\115page.htm --> byte.stthomas.edu SYS_HTTP_HOME:[PHIL_HTTP.LEMMONS] 115page.htm
98.02.02 20:13 B c:\web\lemmons\tutors.htm --> byte.stthomas.edu SYS_HTTP_HOME:[PHIL_HTTP] tutors.htm
98.02.02 20:14 B c:\web\lemmons\tutorpd.html --> byte.stthomas.edu SYS_HTTP_HOME:[PHIL_HTTP] tutorpd.html
98.02.02 20:15 B c:\web\lemmons\TUTORS.HTM;1 <-- WS_FTP32 SYS_HTTP_HOME:[PHIL_HTTP] TUTORS.HTM;1
98.02.02 20:15 B c:\web\lemmons\TUTORS.HTM;1 --> byte.stthomas.edu SYS_HTTP_HOME:[PHIL_HTTP.LEMMONS] TUTORS.HTM;1
98.02.02 20:15 B c:\web\lemmons\tutorpd.html --> byte.stthomas.edu SYS_HTTP_HOME:[PHIL_HTTP.LEMMONS] tutorpd.html
98.02.03 14:35 B c:\web\lemmons\luv_page.htm --> byte.stthomas.edu SYS_HTTP_HOME:[PHIL_HTTP.LEMMONS] luv_page.htm
98.02.03 14:37 B c:\web\lemmons\TALK.html --> byte.stthomas.edu SYS_HTTP_HOME:[PHIL_HTTP.LEMMONS.DISCUSS] TALK.html
98.02.03 14:42 B c:\web\lemmons\luv_page.htm --> byte.stthomas.edu SYS_HTTP_HOME:[PHIL_HTTP.LEMMONS] luv_page.htm
98.02.03 15:03 B c:\web\lemmons\luv_page.htm --> byte.stthomas.edu SYS_HTTP_HOME:[PHIL_HTTP.LEMMONS] luv_page.htm
98.02.03 15:04 B c:\web\lemmons\luv_page.htm --> byte.stthomas.edu SYS_HTTP_HOME:[PHIL_HTTP.LEMMONS] luv_page.htm
98.02.03 17:46 B c:\web\lemmons\tutorpd.html --> byte.stthomas.edu SYS_HTTP_HOME:[PHIL_HTTP] tutorpd.html
98.02.03 17:47 B c:\web\lemmons\tutors.htm --> byte.stthomas.edu SYS_HTTP_HOME:[PHIL_HTTP] tutors.htm
98.02.03 17:49 B c:\web\lemmons\tutorpd.html --> byte.stthomas.edu SYS_HTTP_HOME:[PHIL_HTTP] tutorpd.html
98.02.03 17:49 B c:\web\lemmons\tutors.htm --> byte.stthomas.edu SYS_HTTP_HOME:[PHIL_HTTP.LEMMONS] tutors.htm
98.02.04 15:25 B c:\web\lemmons\tutorpd.html --> byte.stthomas.edu SYS_HTTP_HOME:[PHIL_HTTP.LEMMONS] tutorpd.html
98.02.04 15:25 B c:\web\lemmons\tutors.htm --> byte.stthomas.edu SYS_HTTP_HOME:[PHIL_HTTP.LEMMONS] tutors.htm
98.02.04 15:25 B c:\web\lemmons\tutorpd.html --> byte.stthomas.edu SYS_HTTP_HOME:[PHIL_HTTP] tutorpd.html
98.02.04 16:51 B c:\web\lemmons\talk.html --> byte.stthomas.edu SYS_HTTP_HOME:[PHIL_HTTP.LEMMONS.DISCUSS] talk.html
98.02.04 16:52 B c:\web\lemmons\talk.html --> byte.stthomas.edu SYS_HTTP_HOME:[PHIL_HTTP.LEMMONS.DISCUSS] talk.html
98.02.07 17:52 B C:\WEB\LEMMONS\luvsyll.htm --> byte.stthomas.edu SYS_HTTP_HOME:[PHIL_HTTP.LEMMONS] luvsyll.htm
98.02.07 18:03 B C:\WEB\LEMMONS\luv_page.htm --> byte.stthomas.edu SYS_HTTP_HOME:[PHIL_HTTP.LEMMONS] luv_page.htm
98.02.07 18:07 B C:\WEB\LEMMONS\luv_syll.htm --> byte.stthomas.edu SYS_HTTP_HOME:[PHIL_HTTP.LEMMONS] luv_syll.htm
98.02.07 18:10 B C:\WEB\LEMMONS\luv_syll.htm --> byte.stthomas.edu SYS_HTTP_HOME:[PHIL_HTTP.LEMMONS] luv_syll.htm
98.02.09 16:21 B c:\web\lemmons\luv_page.htm --> byte.stthomas.edu SYS_HTTP_HOME:[PHIL_HTTP.LEMMONS] luv_page.htm
98.02.09 16:51 B c:\web\lemmons\index.htm --> byte.stthomas.edu SYS_HTTP_HOME:[PHIL_HTTP.LEMMONS] index.htm
98.02.09 18:06 B c:\web\lemmons\talk.html --> byte.stthomas.edu SYS_HTTP_HOME:[PHIL_HTTP.LEMMONS.DISCUSS] talk.html
98.02.09 18:19 B c:\web\lemmons\phaedrus.htm --> byte.stthomas.edu SYS_HTTP_HOME:[PHIL_HTTP.LEMMONS] phaedrus.htm
98.02.09 18:45 B c:\web\lemmons\luv_syll.htm --> byte.stthomas.edu SYS_HTTP_HOME:[PHIL_HTTP.LEMMONS] luv_syll.htm
98.02.09 18:51 B c:\web\lemmons\luv_page.htm --> byte.stthomas.edu SYS_HTTP_HOME:[PHIL_HTTP.LEMMONS] luv_page.htm
98.02.09 18:56 B c:\web\lemmons\luv_page.htm --> byte.stthomas.edu SYS_HTTP_HOME:[PHIL_HTTP.LEMMONS] luv_page.htm
98.02.09 19:01 B c:\web\lemmons\luv_syll.htm --> byte.stthomas.edu SYS_HTTP_HOME:[PHIL_HTTP.LEMMONS] luv_syll.htm
98.02.09 19:06 B c:\web\lemmons\115syll.htm --> byte.stthomas.edu SYS_HTTP_HOME:[PHIL_HTTP.LEMMONS] 115syll.htm
98.02.09 19:11 B c:\web\lemmons\luv_syll.htm --> byte.stthomas.edu SYS_HTTP_HOME:[PHIL_HTTP.LEMMONS] luv_syll.htm
98.02.09 19:20 B c:\web\lemmons\luv_page.htm --> byte.stthomas.edu SYS_HTTP_HOME:[PHIL_HTTP.LEMMONS] luv_page.htm
98.02.09 19:27 B c:\web\lemmons\luv_syll.htm --> byte.stthomas.edu SYS_HTTP_HOME:[PHIL_HTTP.LEMMONS] luv_syll.htm
98.02.09 19:29 B c:\web\lemmons\luv_syll.htm --> byte.stthomas.edu SYS_HTTP_HOME:[PHIL_HTTP.LEMMONS] luv_syll.htm
98.02.09 19:31 B c:\web\lemmons\luv_page.htm --> byte.stthomas.edu SYS_HTTP_HOME:[PHIL_HTTP.LEMMONS] luv_page.htm
98.02.09 19:32 B c:\web\lemmons\115page.htm --> byte.stthomas.edu SYS_HTTP_HOME:[PHIL_HTTP.LEMMONS] 115page.htm
98.02.09 19:33 B c:\web\lemmons\115syll.htm --> byte.stthomas.edu SYS_HTTP_HOME:[PHIL_HTTP.LEMMONS] 115syll.htm
98.02.09 19:36 B c:\web\lemmons\115syll.htm --> byte.stthomas.edu SYS_HTTP_HOME:[PHIL_HTTP.LEMMONS] 115syll.htm
98.02.09 19:36 B c:\web\lemmons\115PAGE.HTM;2 <-- WS_FTP32 SYS_HTTP_HOME:[PHIL_HTTP.LEMMONS] 115PAGE.HTM;2
98.02.10 14:19 B c:\web\lemmons\luv_syll.htm --> byte.stthomas.edu SYS_HTTP_HOME:[PHIL_HTTP.LEMMONS] luv_syll.htm
98.02.10 14:30 B c:\web\lemmons\luv_page.htm --> byte.stthomas.edu SYS_HTTP_HOME:[PHIL_HTTP.LEMMONS] luv_page.htm
98.02.14 11:59 B c:\web\lemmons\HinduismA.GIF --> byte.stthomas.edu SYS_HTTP_HOME:[PHIL_HTTP.LEMMONS] HinduismA.GIF
98.02.14 13:24 B c:\web\lemmons\BuddhismA.GIF --> byte.stthomas.edu SYS_HTTP_HOME:[000000.PHIL_HTTP.LEMMONS] BuddhismA.GIF
98.02.14 13:36 B c:\web\lemmons\ --> byte.stthomas.edu SYS_HTTP_HOME:[000000.PHIL_HTTP.LEMMONS] 
98.02.14 13:36 B c:\web\lemmons\BuddhismA.GIF --> byte.stthomas.edu SYS_HTTP_HOME:[000000.PHIL_HTTP.LEMMONS] BuddhismA.GIF
98.02.14 13:43 B c:\web\lemmons\BuddhismA.GIF --> byte.stthomas.edu SYS_HTTP_HOME:[000000.PHIL_HTTP.LEMMONS] BuddhismA.GIF
98.02.14 13:51 B c:\web\lemmons\115icons.htm --> byte.stthomas.edu SYS_HTTP_HOME:[PHIL_HTTP] 115icons.htm
98.02.14 13:51 B c:\web\lemmons\115icons.htm --> byte.stthomas.edu SYS_HTTP_HOME:[PHIL_HTTP.LEMMONS] 115icons.htm
98.02.14 13:56 B c:\web\lemmons\115icons.htm --> byte.stthomas.edu SYS_HTTP_HOME:[PHIL_HTTP.LEMMONS] 115icons.htm
98.02.14 13:58 B c:\web\lemmons\tutors.htm --> byte.stthomas.edu SYS_HTTP_HOME:[PHIL_HTTP.LEMMONS] tutors.htm
98.02.14 13:59 B c:\web\lemmons\tutors.htm --> byte.stthomas.edu SYS_HTTP_HOME:[PHIL_HTTP] tutors.htm
98.02.14 14:02 B c:\web\lemmons\tutorpd.html --> byte.stthomas.edu SYS_HTTP_HOME:[PHIL_HTTP] tutorpd.html
98.02.14 14:23 B c:\web\lemmons\plato.gif --> byte.stthomas.edu SYS_HTTP_HOME:[PHIL_HTTP.LEMMONS] plato.gif
98.02.17 13:48 B c:\web\lemmons\HinduismA.GIF --> byte.stthomas.edu SYS_HTTP_HOME:[PHIL_HTTP.LEMMONS] HinduismA.GIF
98.02.17 14:54 B c:\web\lemmons\index.htm --> byte.stthomas.edu SYS_HTTP_HOME:[PHIL_HTTP.LEMMONS] index.htm
98.02.17 14:56 B c:\web\lemmons\index.htm --> byte.stthomas.edu SYS_HTTP_HOME:[PHIL_HTTP.LEMMONS] index.htm
98.02.23 16:38 B c:\web\lemmons\tutorpd.html --> byte.stthomas.edu SYS_HTTP_HOME:[PHIL_HTTP] tutorpd.html
98.02.23 16:39 B c:\web\lemmons\tutorpd.html --> byte.stthomas.edu SYS_HTTP_HOME:[PHIL_HTTP.LEMMONS] tutorpd.html
98.02.23 16:40 B c:\web\lemmons\tutors.htm --> byte.stthomas.edu SYS_HTTP_HOME:[PHIL_HTTP.LEMMONS] tutors.htm
98.03.02 16:33 B c:\web\lemmons\NEW.GIF;3 <-- WS_FTP32 SYS_HTTP_HOME:[PHIL_HTTP.WINTER] NEW.GIF;3
98.03.02 16:34 B c:\web\lemmons\NEW.GIF;3 --> byte.stthomas.edu SYS_HTTP_HOME:[PHIL_HTTP.LEMMONS] NEW.GIF;3
98.03.02 17:19 B c:\web\lemmons\115page.htm --> byte.stthomas.edu SYS_HTTP_HOME:[PHIL_HTTP.LEMMONS] 115page.htm
98.03.04 19:43 B c:\web\lemmons\p-aqu-cont.htm --> byte.stthomas.edu SYS_HTTP_HOME:[PHIL_HTTP.LEMMONS] p-aqu-cont.htm
98.03.06 14:28 B c:\web\lemmons\p-aqu-cont.htm --> byte.stthomas.edu SYS_HTTP_HOME:[PHIL_HTTP.LEMMONS] p-aqu-cont.htm
98.03.06 14:33 B c:\web\lemmons\P-AQU-CONT.HTM;1 <-- WS_FTP32 SYS_HTTP_HOME:[PHIL_HTTP.LEMMONS] P-AQU-CONT.HTM;1
98.03.06 14:33 B c:\web\lemmons\P-AQU-DEF.HTM;1 <-- WS_FTP32 SYS_HTTP_HOME:[PHIL_HTTP.LEMMONS] P-AQU-DEF.HTM;1
98.03.06 14:33 B c:\web\lemmons\P-AQU-HAP.HTM;1 <-- WS_FTP32 SYS_HTTP_HOME:[PHIL_HTTP.LEMMONS] P-AQU-HAP.HTM;1
98.03.06 14:33 B c:\web\lemmons\P-AQU-KNOWL.HTM;1 <-- WS_FTP32 SYS_HTTP_HOME:[PHIL_HTTP.LEMMONS] P-AQU-KNOWL.HTM;1
98.03.06 14:33 B c:\web\lemmons\P-AQU-POW.HTM;1 <-- WS_FTP32 SYS_HTTP_HOME:[PHIL_HTTP.LEMMONS] P-AQU-POW.HTM;1
98.03.06 14:33 B c:\web\lemmons\P-AQU-SOUL.HTM;1 <-- WS_FTP32 SYS_HTTP_HOME:[PHIL_HTTP.LEMMONS] P-AQU-SOUL.HTM;1
98.03.06 14:33 B c:\web\lemmons\P-AQU-SS25.HTM;1 <-- WS_FTP32 SYS_HTTP_HOME:[PHIL_HTTP.LEMMONS] P-AQU-SS25.HTM;1
98.03.06 14:33 B c:\web\lemmons\P-AQU-WILL.HTM;1 <-- WS_FTP32 SYS_HTTP_HOME:[PHIL_HTTP.LEMMONS] P-AQU-WILL.HTM;1
98.03.16 16:33 B C:\WEB\LEMMONS\P-AQU-SOUL.HTM;1 <-- WS_FTP32 SYS_HTTP_HOME:[PHIL_HTTP.LEMMONS] P-AQU-SOUL.HTM;1
98.03.17 17:14 B c:\web\lemmons\p-aq-imm.htm --> byte.stthomas.edu SYS_HTTP_HOME:[PHIL_HTTP.LEMMONS] p-aq-imm.htm
98.03.17 17:14 B c:\web\lemmons\p-aq-intel.htm --> byte.stthomas.edu SYS_HTTP_HOME:[PHIL_HTTP.LEMMONS] p-aq-intel.htm
98.03.17 17:28 B c:\web\lemmons\p-aqu-cont.htm --> byte.stthomas.edu SYS_HTTP_HOME:[PHIL_HTTP.LEMMONS] p-aqu-cont.htm
98.05.19 15:23 B c:\web\lemmons\L-CondTbl.htm --> byte.stthomas.edu SYS_HTTP_HOME:[PHIL_HTTP.LEMMONS] L-CondTbl.htm
98.05.19 16:31 B c:\web\lemmons\SumLuvResp.GIF --> byte.stthomas.edu SYS_HTTP_HOME:[PHIL_HTTP.LEMMONS] SumLuvResp.GIF
98.05.19 16:45 B c:\web\lemmons\L-DisjTbl.htm --> byte.stthomas.edu SYS_HTTP_HOME:[PHIL_HTTP.LEMMONS] L-DisjTbl.htm
98.05.19 16:54 B c:\web\lemmons\L-DisjTbl.htm --> byte.stthomas.edu SYS_HTTP_HOME:[PHIL_HTTP.LEMMONS] L-DisjTbl.htm
98.05.19 16:57 B c:\web\lemmons\L-CondTbl.htm --> byte.stthomas.edu SYS_HTTP_HOME:[PHIL_HTTP.LEMMONS] L-CondTbl.htm
98.05.26 16:30 B c:\web\lemmons\tutorpd.html --> byte.stthomas.edu SYS_HTTP_HOME:[PHIL_HTTP] tutorpd.html
98.05.26 16:37 B c:\web\lemmons\index.html --> byte.stthomas.edu SYS_HTTP_HOME:[PHIL_HTTP.LEMMONS] index.html
98.05.26 16:40 B c:\web\lemmons\tutorpd.html --> byte.stthomas.edu SYS_HTTP_HOME:[PHIL_HTTP.LEMMONS] tutorpd.html
98.05.26 16:43 B c:\web\lemmons\tutorpd.html --> byte.stthomas.edu SYS_HTTP_HOME:[PHIL_HTTP.LEMMONS] tutorpd.html
98.05.26 16:44 B c:\web\lemmons\tutorpd.html --> byte.stthomas.edu SYS_HTTP_HOME:[PHIL_HTTP] tutorpd.html
98.05.26 16:46 B c:\web\lemmons\tutorpd.html --> byte.stthomas.edu SYS_HTTP_HOME:[PHIL_HTTP.LEMMONS] tutorpd.html
98.05.26 16:46 B c:\web\lemmons\tutorpd.html --> byte.stthomas.edu SYS_HTTP_HOME:[PHIL_HTTP] tutorpd.html
98.05.26 16:49 B c:\web\lemmons\tutorpd.html --> byte.stthomas.edu SYS_HTTP_HOME:[PHIL_HTTP] tutorpd.html
98.05.26 16:50 B c:\web\lemmons\tutorpd.html --> byte.stthomas.edu SYS_HTTP_HOME:[PHIL_HTTP.LEMMONS] tutorpd.html
98.05.26 16:53 B c:\web\lemmons\tutorpd.html --> byte.stthomas.edu SYS_HTTP_HOME:[PHIL_HTTP.LEMMONS] tutorpd.html
98.05.26 16:54 B c:\web\lemmons\tutorpd.html --> byte.stthomas.edu SYS_HTTP_HOME:[PHIL_HTTP] tutorpd.html
98.05.26 17:02 B c:\web\lemmons\tutorpd.html --> byte.stthomas.edu SYS_HTTP_HOME:[PHIL_HTTP.LEMMONS] tutorpd.html
98.05.26 17:02 B c:\web\lemmons\tutorpd.html --> byte.stthomas.edu SYS_HTTP_HOME:[PHIL_HTTP] tutorpd.html
98.05.26 17:04 B c:\web\lemmons\KIDS_BEACH.GIF --> byte.stthomas.edu SYS_HTTP_HOME:[PHIL_HTTP] KIDS_BEACH.GIF
98.05.26 17:04 B c:\web\lemmons\scuba.jpg --> byte.stthomas.edu SYS_HTTP_HOME:[PHIL_HTTP] scuba.jpg
98.05.26 17:05 B c:\web\lemmons\pplgp010.jpg --> byte.stthomas.edu SYS_HTTP_HOME:[PHIL_HTTP] pplgp010.jpg
98.06.25 16:30 B c:\web\lemmons\BuddhismB.GIF --> byte.stthomas.edu SYS_HTTP_HOME:[PHIL_HTTP.LEMMONS] BuddhismB.GIF
98.06.25 16:34 B c:\web\lemmons\BuddhismB.GIF --> byte.stthomas.edu SYS_HTTP_HOME:[PHIL_HTTP.LEMMONS] BuddhismB.GIF
98.07.14 16:56 B C:\WEB\LEMMONS\index.html --> byte.stthomas.edu SYS_HTTP_HOME:[PHIL_HTTP.LEMMONS] index.html
98.07.14 17:06 B C:\WEB\LEMMONS\index.html --> byte.stthomas.edu SYS_HTTP_HOME:[PHIL_HTTP.LEMMONS] index.html
98.08.27 15:53 B C:\WEB\LEMMONS\115page.htm --> byte.stthomas.edu SYS_HTTP_HOME:[PHIL_HTTP.LEMMONS] 115page.htm
98.08.27 15:59 B C:\WEB\LEMMONS\215page.htm --> byte.stthomas.edu SYS_HTTP_HOME:[PHIL_HTTP.LEMMONS] 215page.htm
98.08.28 16:42 B c:\web\lemmons\115page.htm --> byte.stthomas.edu SYS_HTTP_HOME:[PHIL_HTTP.LEMMONS] 115page.htm
98.08.28 16:42 B c:\web\lemmons\115syll.htm --> byte.stthomas.edu SYS_HTTP_HOME:[PHIL_HTTP.LEMMONS] 115syll.htm
98.08.28 16:44 B c:\web\lemmons\115page.htm --> byte.stthomas.edu SYS_HTTP_HOME:[PHIL_HTTP.LEMMONS] 115page.htm
98.08.28 16:44 B c:\web\lemmons\115syll.htm --> byte.stthomas.edu SYS_HTTP_HOME:[PHIL_HTTP.LEMMONS] 115syll.htm
98.08.28 16:44 B c:\web\lemmons\215page.htm --> byte.stthomas.edu SYS_HTTP_HOME:[PHIL_HTTP.LEMMONS] 215page.htm
98.08.28 16:44 B c:\web\lemmons\214sylL.HTM --> byte.stthomas.edu SYS_HTTP_HOME:[PHIL_HTTP.LEMMONS] 214sylL.HTM
98.08.28 16:47 B c:\web\lemmons\215page.htm --> byte.stthomas.edu SYS_HTTP_HOME:[PHIL_HTTP.LEMMONS] 215page.htm
98.09.01 15:23 B c:\web\lemmons\LuvSexIndex.htm --> byte.stthomas.edu SYS_HTTP_HOME:[PHIL_HTTP.LEMMONS.PAST] LuvSexIndex.htm
98.09.02 15:25 B c:\web\lemmons\tut-f98.htm --> byte.stthomas.edu SYS_HTTP_HOME:[PHIL_HTTP.LEMMONS] tut-f98.htm
98.09.02 15:58 B c:\web\lemmons\tut-f98.htm --> byte.stthomas.edu SYS_HTTP_HOME:[PHIL_HTTP] tut-f98.htm
98.09.02 15:58 B c:\web\lemmons\tut-f98.htm --> byte.stthomas.edu SYS_HTTP_HOME:[PHIL_HTTP.LEMMONS] tut-f98.htm
98.09.02 15:59 B c:\web\lemmons\tut-f98.htm --> byte.stthomas.edu SYS_HTTP_HOME:[PHIL_HTTP.LEMMONS] tut-f98.htm
98.09.02 16:06 B c:\web\lemmons\tut-f98.htm --> byte.stthomas.edu SYS_HTTP_HOME:[PHIL_HTTP.LEMMONS] tut-f98.htm
98.09.08 16:26 B c:\web\lemmons\tut-f98.htm --> byte.stthomas.edu SYS_HTTP_HOME:[PHIL_HTTP] tut-f98.htm
98.09.08 16:27 B c:\web\lemmons\tut-f98.htm --> byte.stthomas.edu SYS_HTTP_HOME:[PHIL_HTTP] tut-f98.htm
98.09.08 16:28 B c:\web\lemmons\TUT_U98.HTM;1 <-- WS_FTP32 SYS_HTTP_HOME:[PHIL_HTTP] TUT_U98.HTM;1
98.09.08 16:38 B c:\web\lemmons\tut-f98.htm --> byte.stthomas.edu SYS_HTTP_HOME:[PHIL_HTTP] tut-f98.htm
98.09.08 16:44 B c:\web\lemmons\tut-f98.htm --> byte.stthomas.edu SYS_HTTP_HOME:[PHIL_HTTP] tut-f98.htm
98.09.09 15:58 B c:\web\lemmons\TALK.HTML;1 <-- WS_FTP32 SYS_HTTP_HOME:[PHIL_HTTP.LEMMONS.DISCUSS] TALK.HTML;1
98.09.09 16:03 B c:\web\lemmons\talk.html --> byte.stthomas.edu SYS_HTTP_HOME:[PHIL_HTTP.LEMMONS.DISCUSS] talk.html
98.09.09 16:52 B c:\web\lemmons\214sylL.HTM --> byte.stthomas.edu SYS_HTTP_HOME:[PHIL_HTTP.LEMMONS] 214sylL.HTM
98.09.14 14:02 B c:\web\lemmons\luv-cult_page.htm --> byte.stthomas.edu SYS_HTTP_HOME:[PHIL_HTTP.LEMMONS] luv-cult_page.htm
98.09.14 14:04 B c:\web\lemmons\luv-cult_syl_f98.HTM --> byte.stthomas.edu SYS_HTTP_HOME:[PHIL_HTTP.LEMMONS] luv-cult_syl_f98.HTM
98.09.14 14:07 B c:\web\lemmons\index.html --> byte.stthomas.edu SYS_HTTP_HOME:[PHIL_HTTP.LEMMONS] index.html
98.09.14 14:09 B c:\web\lemmons\index.html --> byte.stthomas.edu SYS_HTTP_HOME:[PHIL_HTTP.LEMMONS] index.html
98.09.14 14:14 B c:\web\lemmons\index.html --> byte.stthomas.edu SYS_HTTP_HOME:[PHIL_HTTP.LEMMONS] index.html
98.09.14 14:14 B c:\web\lemmons\index.html --> byte.stthomas.edu SYS_HTTP_HOME:[PHIL_HTTP.LEMMONS] index.html
98.09.14 14:16 B c:\web\lemmons\index.html --> byte.stthomas.edu SYS_HTTP_HOME:[PHIL_HTTP.LEMMONS] index.html
98.09.14 14:19 B c:\web\lemmons\index.html --> byte.stthomas.edu SYS_HTTP_HOME:[PHIL_HTTP.LEMMONS] index.html
98.09.14 14:45 B c:\web\lemmons\TUTORPD.HTML;1 <-- WS_FTP32 SYS_HTTP_HOME:[PHIL_HTTP] TUTORPD.HTML;1
98.09.14 14:49 B c:\web\lemmons\TUTORPD.HTML;1 <-- WS_FTP32 SYS_HTTP_HOME:[PHIL_HTTP] TUTORPD.HTML;1
98.09.14 14:50 B c:\web\lemmons\TUTORPD.HTML;1 <-- WS_FTP32 SYS_HTTP_HOME:[PHIL_HTTP] TUTORPD.HTML;1
98.09.14 14:55 B c:\web\lemmons\tutorpd.html --> byte.stthomas.edu SYS_HTTP_HOME:[PHIL_HTTP] tutorpd.html
98.09.14 14:55 B c:\web\lemmons\tutorpd.html --> byte.stthomas.edu SYS_HTTP_HOME:[PHIL_HTTP.LEMMONS] tutorpd.html
98.09.15 12:32 B c:\web\lemmons\tutorpd.html --> byte.stthomas.edu SYS_HTTP_HOME:[PHIL_HTTP] tutorpd.html
98.09.15 12:38 B c:\web\lemmons\luv_page.htm --> byte.stthomas.edu SYS_HTTP_HOME:[PHIL_HTTP.LEMMONS] luv_page.htm
98.09.15 12:39 B c:\web\lemmons\luv-cult_page.htm --> byte.stthomas.edu SYS_HTTP_HOME:[PHIL_HTTP.LEMMONS] luv-cult_page.htm
98.09.15 12:41 B c:\web\lemmons\luv-cult_page.htm --> byte.stthomas.edu SYS_HTTP_HOME:[PHIL_HTTP.LEMMONS] luv-cult_page.htm
98.09.15 12:43 B c:\web\lemmons\luv-cult_page.htm --> byte.stthomas.edu SYS_HTTP_HOME:[PHIL_HTTP.LEMMONS] luv-cult_page.htm
98.09.17 17:25 B c:\web\lemmons\tutorpd.html --> byte.stthomas.edu SYS_HTTP_HOME:[PHIL_HTTP] tutorpd.html
98.09.18 15:41 B c:\web\lemmons\talk.html --> byte.stthomas.edu SYS_HTTP_HOME:[PHIL_HTTP.LEMMONS.DISCUSS] talk.html
98.09.18 15:44 B c:\web\lemmons\214indexF98.htm --> byte.stthomas.edu SYS_HTTP_HOME:[PHIL_HTTP.LEMMONS] 214indexF98.htm
98.09.18 15:47 B c:\web\lemmons\talk.html --> byte.stthomas.edu SYS_HTTP_HOME:[PHIL_HTTP.LEMMONS.DISCUSS] talk.html
98.09.18 15:52 B c:\web\lemmons\214indexF98.htm --> byte.stthomas.edu SYS_HTTP_HOME:[PHIL_HTTP.LEMMONS] 214indexF98.htm
98.09.18 16:53 B c:\web\lemmons\tutorpd.html --> byte.stthomas.edu SYS_HTTP_HOME:[PHIL_HTTP] tutorpd.html
98.09.18 16:56 B c:\web\lemmons\tutorpd.html --> byte.stthomas.edu SYS_HTTP_HOME:[PHIL_HTTP] tutorpd.html
98.09.18 16:58 B c:\web\lemmons\tutorpd.html --> byte.stthomas.edu SYS_HTTP_HOME:[PHIL_HTTP] tutorpd.html
98.09.18 17:10 B c:\web\lemmons\tutorpd.html --> byte.stthomas.edu SYS_HTTP_HOME:[PHIL_HTTP] tutorpd.html
98.09.22 12:27 B c:\web\lemmons\214syl.htm --> byte.stthomas.edu SYS_HTTP_HOME:[PHIL_HTTP.LEMMONS] 214syl.htm
98.09.22 12:27 B c:\web\lemmons\214syl.htm --> byte.stthomas.edu SYS_HTTP_HOME:[PHIL_HTTP.LEMMONS] 214syl.htm
98.09.22 12:28 B c:\web\lemmons\214sylL.HTM --> byte.stthomas.edu SYS_HTTP_HOME:[PHIL_HTTP.LEMMONS] 214sylL.HTM
98.09.22 12:29 B c:\web\lemmons\214syl.htm --> byte.stthomas.edu SYS_HTTP_HOME:[PHIL_HTTP.LEMMONS] 214syl.htm
98.09.22 12:32 B c:\web\lemmons\214syll.htm --> byte.stthomas.edu SYS_HTTP_HOME:[PHIL_HTTP.LEMMONS] 214syll.htm
98.09.22 12:48 B c:\web\lemmons\tutorpd.html --> byte.stthomas.edu SYS_HTTP_HOME:[PHIL_HTTP] tutorpd.html
98.09.23 15:13 B c:\web\lemmons\vit.htm --> byte.stthomas.edu SYS_HTTP_HOME:[PHIL_HTTP.LEMMONS] vit.htm
98.09.24 17:21 B c:\web\lemmons\214indexF98.htm --> byte.stthomas.edu SYS_HTTP_HOME:[PHIL_HTTP.LEMMONS] 214indexF98.htm
98.09.25 13:46 B c:\web\lemmons\214indexF98.htm --> byte.stthomas.edu SYS_HTTP_HOME:[PHIL_HTTP.LEMMONS] 214indexF98.htm
98.09.25 13:48 B c:\web\lemmons\214indexF98.htm --> byte.stthomas.edu SYS_HTTP_HOME:[PHIL_HTTP.LEMMONS] 214indexF98.htm
98.09.25 13:48 B c:\web\lemmons\214indexF98.htm --> byte.stthomas.edu SYS_HTTP_HOME:[PHIL_HTTP.LEMMONS] 214indexF98.htm
98.09.30 14:11 B c:\web\lemmons\phaedo_1st.htm --> byte.stthomas.edu SYS_HTTP_HOME:[PHIL_HTTP.LEMMONS] phaedo_1st.htm
98.09.30 14:11 B c:\web\lemmons\phaedo_2nd.htm --> byte.stthomas.edu SYS_HTTP_HOME:[PHIL_HTTP.LEMMONS] phaedo_2nd.htm
98.09.30 14:11 B c:\web\lemmons\phaedo_index.htm --> byte.stthomas.edu SYS_HTTP_HOME:[PHIL_HTTP.LEMMONS] phaedo_index.htm
98.09.30 14:13 B c:\web\lemmons\115page.htm --> byte.stthomas.edu SYS_HTTP_HOME:[PHIL_HTTP.LEMMONS] 115page.htm
98.09.30 14:17 B c:\web\lemmons\phaedo_index.htm --> byte.stthomas.edu SYS_HTTP_HOME:[PHIL_HTTP.LEMMONS] phaedo_index.htm
98.09.30 14:27 B c:\web\lemmons\REPUB-INDEX.HTML --> byte.stthomas.edu SYS_HTTP_HOME:[PHIL_HTTP.LEMMONS] REPUB-INDEX.HTML
98.09.30 14:28 B c:\web\lemmons\214syll.htm --> byte.stthomas.edu SYS_HTTP_HOME:[PHIL_HTTP.LEMMONS] 214syll.htm
98.09.30 14:29 B c:\web\lemmons\REPUB-INDEX.HTML --> byte.stthomas.edu SYS_HTTP_HOME:[PHIL_HTTP.LEMMONS] REPUB-INDEX.HTML
98.09.30 14:31 B c:\web\lemmons\repub-1.html --> byte.stthomas.edu SYS_HTTP_HOME:[PHIL_HTTP.LEMMONS] repub-1.html
98.09.30 17:26 B c:\web\lemmons\214syll.htm --> byte.stthomas.edu SYS_HTTP_HOME:[PHIL_HTTP.LEMMONS] 214syll.htm
98.10.05 13:51 B c:\web\lemmons\tutorpd.html --> byte.stthomas.edu SYS_HTTP_HOME:[PHIL_HTTP] tutorpd.html
98.10.05 13:53 B c:\web\lemmons\index.html --> byte.stthomas.edu SYS_HTTP_HOME:[PHIL_HTTP.LEMMONS] index.html
98.10.05 15:35 B c:\web\lemmons\phil_fun.htm --> byte.stthomas.edu SYS_HTTP_HOME:[PHIL_HTTP] phil_fun.htm
98.10.06 15:21 B c:\web\lemmons\115page.htm --> byte.stthomas.edu SYS_HTTP_HOME:[PHIL_HTTP.LEMMONS] 115page.htm
98.10.07 19:20 B c:\web\lemmons\214INDEXF98.HTM;1 <-- WS_FTP32 SYS_HTTP_HOME:[PHIL_HTTP.LEMMONS] 214INDEXF98.HTM;1
98.10.07 19:23 B c:\web\lemmons\214INDEXF98.HTM;1 <-- WS_FTP32 SYS_HTTP_HOME:[PHIL_HTTP.LEMMONS] 214INDEXF98.HTM;1
98.10.07 19:26 B c:\web\lemmons\214indexf98_htm --> byte.stthomas.edu SYS_HTTP_HOME:[PHIL_HTTP.LEMMONS] 214indexf98_htm
98.10.07 19:27 B c:\web\lemmons\214indexf98.htm --> byte.stthomas.edu SYS_HTTP_HOME:[PHIL_HTTP.LEMMONS] 214indexf98.htm
98.10.07 19:47 B c:\web\lemmons\214RepubIndex.htm --> byte.stthomas.edu SYS_HTTP_HOME:[PHIL_HTTP.LEMMONS] 214RepubIndex.htm
98.10.07 19:51 B c:\web\lemmons\RepubIndex214.htm --> byte.stthomas.edu SYS_HTTP_HOME:[PHIL_HTTP.LEMMONS] RepubIndex214.htm
98.10.07 19:51 B c:\web\lemmons\repub-4_CLASS.html --> byte.stthomas.edu SYS_HTTP_HOME:[PHIL_HTTP.LEMMONS] repub-4_CLASS.html
98.10.07 19:51 B c:\web\lemmons\repub-2_class.html --> byte.stthomas.edu SYS_HTTP_HOME:[PHIL_HTTP.LEMMONS] repub-2_class.html
98.10.07 19:51 B c:\web\lemmons\repub-1.html --> byte.stthomas.edu SYS_HTTP_HOME:[PHIL_HTTP.LEMMONS] repub-1.html
98.10.08 14:50 B c:\web\lemmons\p-aqu-cont.htm --> byte.stthomas.edu SYS_HTTP_HOME:[PHIL_HTTP.LEMMONS] p-aqu-cont.htm
98.10.08 17:22 B C:\WEB\LEMMONS\RepubIndex214.htm --> byte.stthomas.edu SYS_HTTP_HOME:[PHIL_HTTP.LEMMONS] RepubIndex214.htm
98.10.08 17:22 B C:\WEB\LEMMONS\repub-9.html --> byte.stthomas.edu SYS_HTTP_HOME:[PHIL_HTTP.LEMMONS] repub-9.html
98.10.08 17:26 B C:\WEB\LEMMONS\RepubIndex214.htm --> byte.stthomas.edu SYS_HTTP_HOME:[PHIL_HTTP.LEMMONS] RepubIndex214.htm
98.10.08 17:28 B C:\WEB\LEMMONS\RepubIndex214.htm --> byte.stthomas.edu SYS_HTTP_HOME:[PHIL_HTTP.LEMMONS] RepubIndex214.htm
98.10.08 19:16 B C:\WEB\LEMMONS\RepubIndex214.htm --> byte.stthomas.edu SYS_HTTP_HOME:[PHIL_HTTP.LEMMONS] RepubIndex214.htm
98.10.16 14:56 B c:\web\lemmons\214indexf98.htm --> byte.stthomas.edu SYS_HTTP_HOME:[PHIL_HTTP.LEMMONS] 214indexf98.htm
98.10.16 14:57 B c:\web\lemmons\214indexf98.htm --> byte.stthomas.edu SYS_HTTP_HOME:[PHIL_HTTP.LEMMONS] 214indexf98.htm
98.10.16 14:59 B c:\web\lemmons\214indexf98.htm --> byte.stthomas.edu SYS_HTTP_HOME:[PHIL_HTTP.LEMMONS] 214indexf98.htm
98.10.22 17:56 B c:\web\lemmons\NE_214index.htm --> byte.stthomas.edu SYS_HTTP_HOME:[PHIL_HTTP.LEMMONS] NE_214index.htm
98.10.22 17:56 B c:\web\lemmons\ne1.htm --> byte.stthomas.edu SYS_HTTP_HOME:[PHIL_HTTP.LEMMONS] ne1.htm
98.10.22 17:56 B c:\web\lemmons\ne10.htm --> byte.stthomas.edu SYS_HTTP_HOME:[PHIL_HTTP.LEMMONS] ne10.htm
98.10.22 17:56 B c:\web\lemmons\ne2.htm --> byte.stthomas.edu SYS_HTTP_HOME:[PHIL_HTTP.LEMMONS] ne2.htm
98.10.22 17:56 B c:\web\lemmons\ne6.htm --> byte.stthomas.edu SYS_HTTP_HOME:[PHIL_HTTP.LEMMONS] ne6.htm
98.10.22 18:11 B c:\web\lemmons\214indexf98.htm --> byte.stthomas.edu SYS_HTTP_HOME:[PHIL_HTTP.LEMMONS] 214indexf98.htm
98.10.22 18:15 B c:\web\lemmons\luv-cult_page.htm --> byte.stthomas.edu SYS_HTTP_HOME:[PHIL_HTTP.LEMMONS] luv-cult_page.htm
98.10.22 18:19 B c:\web\lemmons\talk.html --> byte.stthomas.edu SYS_HTTP_HOME:[PHIL_HTTP.LEMMONS.DISCUSS] talk.html
98.10.22 18:20 B c:\web\lemmons\talk.html --> byte.stthomas.edu SYS_HTTP_HOME:[PHIL_HTTP.LEMMONS.DISCUSS] talk.html
98.10.22 18:26 B c:\web\lemmons\NE_214index.htm --> byte.stthomas.edu SYS_HTTP_HOME:[PHIL_HTTP.LEMMONS] NE_214index.htm
98.10.22 18:28 B c:\web\lemmons\NE_214index.htm --> byte.stthomas.edu SYS_HTTP_HOME:[PHIL_HTTP.LEMMONS] NE_214index.htm
98.10.22 18:30 B c:\web\lemmons\NE_214index.htm --> byte.stthomas.edu SYS_HTTP_HOME:[PHIL_HTTP.LEMMONS] NE_214index.htm
98.10.22 18:32 B c:\web\lemmons\NE_214index.htm --> byte.stthomas.edu SYS_HTTP_HOME:[PHIL_HTTP.LEMMONS] NE_214index.htm
98.10.22 18:35 B c:\web\lemmons\NE_214index.htm --> byte.stthomas.edu SYS_HTTP_HOME:[PHIL_HTTP.LEMMONS] NE_214index.htm
98.10.22 18:38 B c:\web\lemmons\NE_214index.htm --> byte.stthomas.edu SYS_HTTP_HOME:[PHIL_HTTP.LEMMONS] NE_214index.htm
98.10.23 14:58 B c:\web\lemmons\214syll.htm --> byte.stthomas.edu SYS_HTTP_HOME:[PHIL_HTTP.LEMMONS] 214syll.htm
98.10.23 15:02 B c:\web\lemmons\214syll.htm --> byte.stthomas.edu SYS_HTTP_HOME:[PHIL_HTTP.LEMMONS] 214syll.htm
98.10.23 16:14 B c:\web\lemmons\index.html --> byte.stthomas.edu SYS_HTTP_HOME:[PHIL_HTTP.LEMMONS] index.html
98.10.23 17:04 B c:\web\lemmons\index.html --> byte.stthomas.edu SYS_HTTP_HOME:[PHIL_HTTP.LEMMONS] index.html
98.10.26 13:48 B c:\web\lemmons\NE_214index.htm --> byte.stthomas.edu SYS_HTTP_HOME:[PHIL_HTTP.LEMMONS] NE_214index.htm
98.10.26 13:51 B c:\web\lemmons\NE_214index.htm --> byte.stthomas.edu SYS_HTTP_HOME:[PHIL_HTTP.LEMMONS] NE_214index.htm
98.10.28 20:30 B c:\web\lemmons\214indexf98.htm --> byte.stthomas.edu SYS_HTTP_HOME:[PHIL_HTTP.LEMMONS] 214indexf98.htm
98.10.29 13:03 B c:\web\lemmons\p-aqu-cont.htm --> byte.stthomas.edu SYS_HTTP_HOME:[PHIL_HTTP.LEMMONS] p-aqu-cont.htm
98.10.29 13:03 B c:\web\lemmons\P-AQU-SOUL-f98.htm --> byte.stthomas.edu SYS_HTTP_HOME:[PHIL_HTTP.LEMMONS] P-AQU-SOUL-f98.htm
98.11.04 19:38 B C:\WEB\LEMMONS\AQU-214_F98.htm --> byte.stthomas.edu SYS_HTTP_HOME:[PHIL_HTTP.LEMMONS] AQU-214_F98.htm
98.11.04 19:40 B C:\WEB\LEMMONS\214indexf98.htm --> byte.stthomas.edu SYS_HTTP_HOME:[PHIL_HTTP.LEMMONS] 214indexf98.htm
98.11.04 19:44 B C:\WEB\LEMMONS\214indexf98.htm --> byte.stthomas.edu SYS_HTTP_HOME:[PHIL_HTTP.LEMMONS] 214indexf98.htm
98.11.04 19:46 B C:\WEB\LEMMONS\214syll.htm --> byte.stthomas.edu SYS_HTTP_HOME:[PHIL_HTTP.LEMMONS] 214syll.htm
98.11.04 19:48 B C:\WEB\LEMMONS\214syll.htm --> byte.stthomas.edu SYS_HTTP_HOME:[PHIL_HTTP.LEMMONS] 214syll.htm
98.11.05 17:44 B c:\web\lemmons\214indexf98.htm --> byte.stthomas.edu SYS_HTTP_HOME:[PHIL_HTTP.LEMMONS] 214indexf98.htm
98.11.05 17:45 B c:\web\lemmons\AQU-214_F98.htm --> byte.stthomas.edu SYS_HTTP_HOME:[PHIL_HTTP.LEMMONS] AQU-214_F98.htm
98.11.05 17:50 B c:\web\lemmons\214indexf98.htm --> byte.stthomas.edu SYS_HTTP_HOME:[PHIL_HTTP.LEMMONS] 214indexf98.htm
98.11.05 17:52 B c:\web\lemmons\214indexf98.htm --> byte.stthomas.edu SYS_HTTP_HOME:[PHIL_HTTP.LEMMONS] 214indexf98.htm
98.11.12 15:22 B c:\web\lemmons\tutorpd.html --> byte.stthomas.edu SYS_HTTP_HOME:[PHIL_HTTP] tutorpd.html
98.11.13 17:08 B c:\web\lemmons\end-phil.htm --> byte.stthomas.edu SYS_HTTP_HOME:[PHIL_HTTP.LEMMONS] end-phil.htm
98.11.13 17:10 B c:\web\lemmons\index.html --> byte.stthomas.edu SYS_HTTP_HOME:[PHIL_HTTP.LEMMONS] index.html
98.11.13 17:11 B c:\web\lemmons\index.html --> byte.stthomas.edu SYS_HTTP_HOME:[PHIL_HTTP.LEMMONS] index.html
98.11.13 17:13 B c:\web\lemmons\index.html --> byte.stthomas.edu SYS_HTTP_HOME:[PHIL_HTTP.LEMMONS] index.html
98.11.20 15:03 B c:\web\lemmons\sites.htm --> byte.stthomas.edu SYS_HTTP_HOME:[PHIL_HTTP.LEMMONS] sites.htm
98.11.20 15:04 B c:\web\lemmons\courses.htm --> byte.stthomas.edu SYS_HTTP_HOME:[PHIL_HTTP.LEMMONS] courses.htm
98.11.20 15:05 B c:\web\lemmons\sites.htm --> byte.stthomas.edu SYS_HTTP_HOME:[PHIL_HTTP.LEMMONS] sites.htm
98.11.20 16:22 B c:\web\lemmons\courses.htm --> byte.stthomas.edu SYS_HTTP_HOME:[PHIL_HTTP.LEMMONS] courses.htm
98.11.20 17:21 B c:\web\lemmons\cave.htm --> byte.stthomas.edu SYS_HTTP_HOME:[PHIL_HTTP.LEMMONS] cave.htm
98.11.24 13:30 B c:\web\lemmons\214indexf98.htm --> byte.stthomas.edu SYS_HTTP_HOME:[PHIL_HTTP.LEMMONS] 214indexf98.htm
98.11.25 15:56 B c:\web\lemmons\vit.htm --> byte.stthomas.edu SYS_HTTP_HOME:[PHIL_HTTP.LEMMONS] vit.htm
98.11.25 16:08 B c:\web\lemmons\index.html --> byte.stthomas.edu SYS_HTTP_HOME:[PHIL_HTTP.LEMMONS] index.html
98.11.25 16:15 B c:\web\lemmons\end-phil.htm --> byte.stthomas.edu SYS_HTTP_HOME:[PHIL_HTTP.LEMMONS] end-phil.htm
98.11.30 16:07 B C:\web\LEMMONS\indexRV.html --> byte.stthomas.edu SYS_HTTP_HOME:[PHIL_HTTP.LEMMONS] indexRV.html
98.11.30 16:25 B C:\web\LEMMONS\intro.htm --> byte.stthomas.edu SYS_HTTP_HOME:[PHIL_HTTP.LEMMONS] intro.htm
98.11.30 16:27 B C:\web\LEMMONS\cave.htm --> byte.stthomas.edu SYS_HTTP_HOME:[PHIL_HTTP.LEMMONS] cave.htm
98.11.30 16:27 B C:\web\LEMMONS\sites.htm --> byte.stthomas.edu SYS_HTTP_HOME:[PHIL_HTTP.LEMMONS] sites.htm
98.11.30 16:28 B C:\web\LEMMONS\courses.htm --> byte.stthomas.edu SYS_HTTP_HOME:[PHIL_HTTP.LEMMONS] courses.htm
98.11.30 16:47 B C:\web\LEMMONS\cave.htm --> byte.stthomas.edu SYS_HTTP_HOME:[PHIL_HTTP.LEMMONS] cave.htm
98.11.30 16:47 B C:\web\LEMMONS\courses.htm --> byte.stthomas.edu SYS_HTTP_HOME:[PHIL_HTTP.LEMMONS] courses.htm
98.11.30 16:47 B C:\web\LEMMONS\intro.htm --> byte.stthomas.edu SYS_HTTP_HOME:[PHIL_HTTP.LEMMONS] intro.htm
98.11.30 16:48 B C:\web\LEMMONS\sites.htm --> byte.stthomas.edu SYS_HTTP_HOME:[PHIL_HTTP.LEMMONS] sites.htm
98.11.30 16:56 B C:\web\LEMMONS\sites.htm --> byte.stthomas.edu SYS_HTTP_HOME:[PHIL_HTTP.LEMMONS] sites.htm
98.12.01 13:00 B c:\web\lemmons\courses.htm --> byte.stthomas.edu SYS_HTTP_HOME:[PHIL_HTTP.LEMMONS] courses.htm
98.12.02 14:11 B c:\web\lemmons\vit.htm --> byte.stthomas.edu SYS_HTTP_HOME:[PHIL_HTTP.LEMMONS] vit.htm
98.12.02 16:04 B c:\web\lemmons\courses.htm --> byte.stthomas.edu SYS_HTTP_HOME:[PHIL_HTTP.LEMMONS] courses.htm
98.12.02 16:06 B c:\web\lemmons\sites.htm --> byte.stthomas.edu SYS_HTTP_HOME:[PHIL_HTTP.LEMMONS] sites.htm
98.12.02 19:47 B c:\web\lemmons\115page.htm --> byte.stthomas.edu SYS_HTTP_HOME:[PHIL_HTTP.LEMMONS] 115page.htm
98.12.02 20:05 B c:\web\lemmons\215page.htm --> byte.stthomas.edu SYS_HTTP_HOME:[PHIL_HTTP.LEMMONS] 215page.htm
98.12.02 20:06 B c:\web\lemmons\215page.htm --> byte.stthomas.edu SYS_HTTP_HOME:[PHIL_HTTP.LEMMONS] 215page.htm
98.12.02 20:07 B c:\web\lemmons\215page.htm --> byte.stthomas.edu SYS_HTTP_HOME:[PHIL_HTTP.LEMMONS] 215page.htm
98.12.02 20:10 B c:\web\lemmons\215page.htm --> byte.stthomas.edu SYS_HTTP_HOME:[PHIL_HTTP.LEMMONS] 215page.htm
98.12.02 20:11 B c:\web\lemmons\215page.htm --> byte.stthomas.edu SYS_HTTP_HOME:[PHIL_HTTP.LEMMONS] 215page.htm
98.12.02 20:14 B c:\web\lemmons\115page.htm --> byte.stthomas.edu SYS_HTTP_HOME:[PHIL_HTTP.LEMMONS] 115page.htm
98.12.02 20:16 B c:\web\lemmons\end-phil.htm --> byte.stthomas.edu SYS_HTTP_HOME:[PHIL_HTTP.LEMMONS] end-phil.htm
98.12.02 20:27 B c:\web\lemmons\end-phil.htm --> byte.stthomas.edu SYS_HTTP_HOME:[PHIL_HTTP.LEMMONS] end-phil.htm
98.12.02 20:29 B c:\web\lemmons\end-phil.htm --> byte.stthomas.edu SYS_HTTP_HOME:[PHIL_HTTP.LEMMONS] end-phil.htm
98.12.02 20:31 B c:\web\lemmons\end-phil.htm --> byte.stthomas.edu SYS_HTTP_HOME:[PHIL_HTTP.LEMMONS] end-phil.htm
98.12.04 15:09 B C:\WEB\LEMMONS\cave.htm --> byte.stthomas.edu SYS_HTTP_HOME:[PHIL_HTTP.LEMMONS] cave.htm
98.12.04 17:09 B C:\WEB\LEMMONS\214indexf98.htm --> byte.stthomas.edu SYS_HTTP_HOME:[PHIL_HTTP.LEMMONS] 214indexf98.htm
98.12.07 14:39 B C:\WEB\LEMMONS\cave.htm --> byte.stthomas.edu SYS_HTTP_HOME:[PHIL_HTTP.LEMMONS] cave.htm
98.12.09 16:35 B c:\web\lemmons\vit.htm --> byte.stthomas.edu SYS_HTTP_HOME:[PHIL_HTTP.LEMMONS] vit.htm
98.12.09 16:51 B c:\web\lemmons\COURSES_S98.HTM --> byte.stthomas.edu SYS_HTTP_HOME:[PHIL_HTTP] COURSES_S98.HTM
98.12.15 16:04 B c:\web\lemmons\courses.htm --> byte.stthomas.edu SYS_HTTP_HOME:[PHIL_HTTP.LEMMONS] courses.htm
99.01.05 13:38 B C:\WEB\LEMMONS\cave.htm --> byte.stthomas.edu SYS_HTTP_HOME:[PHIL_HTTP.LEMMONS] cave.htm
99.01.05 13:43 B C:\WEB\LEMMONS\115page.htm --> byte.stthomas.edu SYS_HTTP_HOME:[PHIL_HTTP.LEMMONS] 115page.htm
99.01.05 13:53 B C:\WEB\LEMMONS\115syll_s99.htm --> byte.stthomas.edu SYS_HTTP_HOME:[PHIL_HTTP.LEMMONS] 115syll_s99.htm
99.01.05 14:03 B C:\WEB\LEMMONS\INDEX.HTML;1 <-- WS_FTP32 SYS_HTTP_HOME:[PHIL_HTTP.LEMMONS] INDEX.HTML;1
99.01.05 14:06 B C:\WEB\LEMMONS\INDEX.HTML;1 <-- WS_FTP32 SYS_HTTP_HOME:[PHIL_HTTP.LEMMONS] INDEX.HTML;1
99.01.05 14:12 B C:\WEB\LEMMONS\courses.htm --> byte.stthomas.edu SYS_HTTP_HOME:[PHIL_HTTP.LEMMONS] courses.htm
99.01.05 14:14 B C:\WEB\LEMMONS\courses.htm --> byte.stthomas.edu SYS_HTTP_HOME:[PHIL_HTTP.LEMMONS] courses.htm
99.01.05 14:29 B C:\WEB\LEMMONS\courses.htm --> byte.stthomas.edu SYS_HTTP_HOME:[PHIL_HTTP.LEMMONS] courses.htm
99.01.05 14:34 B C:\WEB\LEMMONS\115syll.htm --> byte.stthomas.edu SYS_HTTP_HOME:[PHIL_HTTP.LEMMONS] 115syll.htm
99.02.01 16:42 B c:\web\lemmons\115SYLL.HTM;1 <-- WS_FTP32 SYS_HTTP_HOME:[PHIL_HTTP.LEMMONS] 115SYLL.HTM;1
99.02.01 16:50 B c:\web\lemmons\115syll.htm --> byte.stthomas.edu SYS_HTTP_HOME:[PHIL_HTTP.LEMMONS] 115syll.htm
99.02.01 17:00 B c:\web\lemmons\TALK.HTML;1 <-- WS_FTP32 SYS_HTTP_HOME:[PHIL_HTTP.LEMMONS.DISCUSS] TALK.HTML;1
99.02.01 17:10 B c:\web\lemmons\talk.html --> byte.stthomas.edu SYS_HTTP_HOME:[PHIL_HTTP.LEMMONS.DISCUSS] talk.html
99.02.01 17:20 B c:\web\lemmons\115syll.htm --> byte.stthomas.edu SYS_HTTP_HOME:[PHIL_HTTP.LEMMONS] 115syll.htm
99.02.01 17:24 B c:\web\lemmons\hw_kessler-intro.htm --> byte.stthomas.edu SYS_HTTP_HOME:[PHIL_HTTP.LEMMONS] hw_kessler-intro.htm
99.02.02 17:01 B C:\WEB\LEMMONS\tutorpd.html --> byte.stthomas.edu SYS_HTTP_HOME:[PHIL_HTTP.LEMMONS] tutorpd.html
99.02.03 14:52 B c:\web\lemmons\C-FAITH.GIF;1 <-- WS_FTP32 SYS_HTTP_HOME:[PHIL_HTTP.LEMMONS] C-FAITH.GIF;1
99.02.03 14:52 B c:\web\lemmons\C-INZ-TRUST.HTM;1 <-- WS_FTP32 SYS_HTTP_HOME:[PHIL_HTTP.LEMMONS] C-INZ-TRUST.HTM;1
99.02.03 14:52 B c:\web\lemmons\C-LOVE.GIF;1 <-- WS_FTP32 SYS_HTTP_HOME:[PHIL_HTTP.LEMMONS] C-LOVE.GIF;1
99.02.03 14:52 B c:\web\lemmons\C-LOVE.GIF;2 <-- WS_FTP32 SYS_HTTP_HOME:[PHIL_HTTP.LEMMONS] C-LOVE.GIF;2
99.02.03 14:52 B c:\web\lemmons\C-PRAY.GIF;1 <-- WS_FTP32 SYS_HTTP_HOME:[PHIL_HTTP.LEMMONS] C-PRAY.GIF;1
99.02.03 14:52 B c:\web\lemmons\CAVE-IN-FAITH.GIF;1 <-- WS_FTP32 SYS_HTTP_HOME:[PHIL_HTTP.LEMMONS] CAVE-IN-FAITH.GIF;1
99.02.03 14:52 B c:\web\lemmons\CAVE-IN-SEARCH.GIF;1 <-- WS_FTP32 SYS_HTTP_HOME:[PHIL_HTTP.LEMMONS] CAVE-IN-SEARCH.GIF;1
99.02.03 14:52 B c:\web\lemmons\CAVE-IN-TRUST.GIF;1 <-- WS_FTP32 SYS_HTTP_HOME:[PHIL_HTTP.LEMMONS] CAVE-IN-TRUST.GIF;1
99.02.03 14:52 B c:\web\lemmons\CAVE-IN2-FAITH.GIF;1 <-- WS_FTP32 SYS_HTTP_HOME:[PHIL_HTTP.LEMMONS] CAVE-IN2-FAITH.GIF;1
99.02.03 14:52 B c:\web\lemmons\CAVE-INZ-CHRIST.HTM;1 <-- WS_FTP32 SYS_HTTP_HOME:[PHIL_HTTP.LEMMONS] CAVE-INZ-CHRIST.HTM;1
99.02.03 14:52 B c:\web\lemmons\CAVE-INZ-FAITH.HTM;1 <-- WS_FTP32 SYS_HTTP_HOME:[PHIL_HTTP.LEMMONS] CAVE-INZ-FAITH.HTM;1
99.02.03 14:52 B c:\web\lemmons\CAVE-INZ-HOPE.HTM;1 <-- WS_FTP32 SYS_HTTP_HOME:[PHIL_HTTP.LEMMONS] CAVE-INZ-HOPE.HTM;1
99.02.03 14:52 B c:\web\lemmons\CAVE-INZ-LOVE.HTM;1 <-- WS_FTP32 SYS_HTTP_HOME:[PHIL_HTTP.LEMMONS] CAVE-INZ-LOVE.HTM;1
99.02.03 14:52 B c:\web\lemmons\CAVE-INZ-PRAY.HTM;1 <-- WS_FTP32 SYS_HTTP_HOME:[PHIL_HTTP.LEMMONS] CAVE-INZ-PRAY.HTM;1
99.02.03 14:52 B c:\web\lemmons\CAVE-INZ-SEARCH.HTM;1 <-- WS_FTP32 SYS_HTTP_HOME:[PHIL_HTTP.LEMMONS] CAVE-INZ-SEARCH.HTM;1
99.02.03 14:52 B c:\web\lemmons\CAVE-INZ-TRUST.HTM;1 <-- WS_FTP32 SYS_HTTP_HOME:[PHIL_HTTP.LEMMONS] CAVE-INZ-TRUST.HTM;1
99.02.03 14:52 B c:\web\lemmons\CAVE.HTM;1 <-- WS_FTP32 SYS_HTTP_HOME:[PHIL_HTTP.LEMMONS] CAVE.HTM;1
99.02.03 14:52 B c:\web\lemmons\PHAEDO.HTM;4 <-- WS_FTP32 SYS_HTTP_HOME:[PHIL_HTTP.LEMMONS] PHAEDO.HTM;4
99.02.03 14:52 B c:\web\lemmons\PHAEDO_1ST.HTM;1 <-- WS_FTP32 SYS_HTTP_HOME:[PHIL_HTTP.LEMMONS] PHAEDO_1ST.HTM;1
99.02.03 14:53 B c:\web\lemmons\PHAEDO_2ND.HTM;1 <-- WS_FTP32 SYS_HTTP_HOME:[PHIL_HTTP.LEMMONS] PHAEDO_2ND.HTM;1
99.02.03 14:53 B c:\web\lemmons\PHAEDO_INDEX.HTM;1 <-- WS_FTP32 SYS_HTTP_HOME:[PHIL_HTTP.LEMMONS] PHAEDO_INDEX.HTM;1
99.02.03 16:04 B c:\web\lemmons\talk.html --> byte.stthomas.edu SYS_HTTP_HOME:[PHIL_HTTP.LEMMONS.DISCUSS] talk.html
99.02.03 16:04 B c:\web\lemmons\hw-chinese.htm --> byte.stthomas.edu SYS_HTTP_HOME:[PHIL_HTTP.LEMMONS] hw-chinese.htm
99.02.03 16:04 B c:\web\lemmons\hw-sum-mon-s99.htm --> byte.stthomas.edu SYS_HTTP_HOME:[PHIL_HTTP.LEMMONS] hw-sum-mon-s99.htm
99.02.03 16:04 B c:\web\lemmons\hw_kessler-intro.htm --> byte.stthomas.edu SYS_HTTP_HOME:[PHIL_HTTP.LEMMONS] hw_kessler-intro.htm
99.02.03 16:07 B c:\web\lemmons\hw-sum-mon-s99.htm --> byte.stthomas.edu SYS_HTTP_HOME:[PHIL_HTTP.LEMMONS] hw-sum-mon-s99.htm
99.02.03 16:09 B c:\web\lemmons\hw-chinese.htm --> byte.stthomas.edu SYS_HTTP_HOME:[PHIL_HTTP.LEMMONS] hw-chinese.htm
99.02.05 14:07 B c:\web\lemmons\phaedo_1st.htm --> byte.stthomas.edu SYS_HTTP_HOME:[PHIL_HTTP.LEMMONS] phaedo_1st.htm
99.02.05 14:51 B c:\web\lemmons\phaedo_2nd.htm --> byte.stthomas.edu SYS_HTTP_HOME:[PHIL_HTTP.LEMMONS] phaedo_2nd.htm
99.02.05 17:07 B c:\web\lemmons\tutorpd.html --> byte.stthomas.edu SYS_HTTP_HOME:[PHIL_HTTP] tutorpd.html
99.02.08 19:51 B c:\web\lemmons\hw-indian.htm --> byte.stthomas.edu SYS_HTTP_HOME:[PHIL_HTTP.LEMMONS] hw-indian.htm
99.02.08 20:03 B c:\web\lemmons\hw-indian.htm --> byte.stthomas.edu SYS_HTTP_HOME:[PHIL_HTTP.LEMMONS] hw-indian.htm
99.02.08 20:07 B c:\web\lemmons\hw-sum-mon-s99.htm --> byte.stthomas.edu SYS_HTTP_HOME:[PHIL_HTTP.LEMMONS] hw-sum-mon-s99.htm
99.02.08 20:14 B c:\web\lemmons\hw-sum-mon-s99.htm --> byte.stthomas.edu SYS_HTTP_HOME:[PHIL_HTTP.LEMMONS] hw-sum-mon-s99.htm
99.02.08 20:14 B c:\web\lemmons\hw-indian.htm --> byte.stthomas.edu SYS_HTTP_HOME:[PHIL_HTTP.LEMMONS] hw-indian.htm
99.02.08 20:15 B c:\web\lemmons\hw-indian.htm --> byte.stthomas.edu SYS_HTTP_HOME:[PHIL_HTTP.LEMMONS] hw-indian.htm
99.02.08 20:17 B c:\web\lemmons\hw-indian.htm --> byte.stthomas.edu SYS_HTTP_HOME:[PHIL_HTTP.LEMMONS] hw-indian.htm
99.02.09 14:32 B c:\web\lemmons\115page.htm --> byte.stthomas.edu SYS_HTTP_HOME:[PHIL_HTTP.LEMMONS] 115page.htm
99.02.09 14:35 B c:\web\lemmons\HW_S99FRONTPAGE.HTM;1 <-- WS_FTP32 SYS_HTTP_HOME:[PHIL_HTTP.LEMMONS] HW_S99FRONTPAGE.HTM;1
99.02.09 14:55 B c:\web\lemmons\HW_S99FRONTPAGE.HTM;1 --> byte.stthomas.edu SYS_HTTP_HOME:[PHIL_HTTP.LEMMONS] HW_S99FRONTPAGE.HTM;1
99.02.10 11:49 B c:\web\lemmons\phaedo_index.htm --> byte.stthomas.edu SYS_HTTP_HOME:[PHIL_HTTP.LEMMONS] phaedo_index.htm
99.02.15 20:00 B c:\web\LEMMONS\hw-sum-mon-s99.htm --> byte.stthomas.edu SYS_HTTP_HOME:[PHIL_HTTP.LEMMONS] hw-sum-mon-s99.htm
99.02.15 20:05 B c:\web\LEMMONS\hw-sum-mon-s99.htm --> byte.stthomas.edu SYS_HTTP_HOME:[PHIL_HTTP.LEMMONS] hw-sum-mon-s99.htm
99.02.15 20:06 B c:\web\LEMMONS\hw-sum-mon-s99.htm --> byte.stthomas.edu SYS_HTTP_HOME:[PHIL_HTTP.LEMMONS] hw-sum-mon-s99.htm
99.02.15 20:07 B c:\web\LEMMONS\hw-sum-mon-s99.htm --> byte.stthomas.edu SYS_HTTP_HOME:[PHIL_HTTP.LEMMONS] hw-sum-mon-s99.htm
99.02.15 20:18 B c:\web\LEMMONS\hw-sat_s99frontpage.htm --> byte.stthomas.edu SYS_HTTP_HOME:[PHIL_HTTP.LEMMONS] hw-sat_s99frontpage.htm
99.02.15 20:21 B c:\web\LEMMONS\talk.html --> byte.stthomas.edu SYS_HTTP_HOME:[PHIL_HTTP.LEMMONS.DISCUSS] talk.html
99.02.16 14:01 B c:\web\lemmons\phaedo_index.htm --> byte.stthomas.edu SYS_HTTP_HOME:[PHIL_HTTP.LEMMONS] phaedo_index.htm
99.02.16 14:09 B c:\web\lemmons\hw-sum-mon-s99.htm --> byte.stthomas.edu SYS_HTTP_HOME:[PHIL_HTTP.LEMMONS] hw-sum-mon-s99.htm
99.02.17 15:02 B c:\web\lemmons\tutorpd.html --> byte.stthomas.edu SYS_HTTP_HOME:[PHIL_HTTP.LEMMONS] tutorpd.html
99.02.17 15:03 B c:\web\lemmons\tutorpd.html --> byte.stthomas.edu SYS_HTTP_HOME:[PHIL_HTTP] tutorpd.html
99.02.17 15:07 B c:\web\lemmons\tutorpd.html --> byte.stthomas.edu SYS_HTTP_HOME:[PHIL_HTTP] tutorpd.html
99.02.17 15:09 B c:\web\lemmons\tutorpd.html --> byte.stthomas.edu SYS_HTTP_HOME:[PHIL_HTTP] tutorpd.html
99.02.17 15:10 B c:\web\lemmons\tutorpd.html --> byte.stthomas.edu SYS_HTTP_HOME:[PHIL_HTTP] tutorpd.html
99.02.17 15:12 B c:\web\lemmons\tutorpd.html --> byte.stthomas.edu SYS_HTTP_HOME:[PHIL_HTTP] tutorpd.html
99.02.20 17:58 B c:\web\lemmons\hw-sat_s99frontpage.htm --> byte.stthomas.edu SYS_HTTP_HOME:[PHIL_HTTP.LEMMONS] hw-sat_s99frontpage.htm
99.02.20 18:03 B c:\web\lemmons\logic-sat-cond.htm --> byte.stthomas.edu SYS_HTTP_HOME:[PHIL_HTTP.LEMMONS] logic-sat-cond.htm
99.02.20 18:17 B c:\web\lemmons\logic-mon-cond-disj.htm --> byte.stthomas.edu SYS_HTTP_HOME:[PHIL_HTTP.LEMMONS] logic-mon-cond-disj.htm
99.02.20 18:26 B c:\web\lemmons\hw-sum-mon-s99.htm --> byte.stthomas.edu SYS_HTTP_HOME:[PHIL_HTTP.LEMMONS] hw-sum-mon-s99.htm
99.02.22 19:45 B c:\web\lemmons\cave-new.htm --> byte.stthomas.edu SYS_HTTP_HOME:[PHIL_HTTP.LEMMONS] cave-new.htm
99.02.22 20:11 B c:\web\lemmons\cave-new.htm --> byte.stthomas.edu SYS_HTTP_HOME:[PHIL_HTTP.LEMMONS] cave-new.htm
99.02.22 20:12 B c:\web\lemmons\cave-new.htm --> byte.stthomas.edu SYS_HTTP_HOME:[PHIL_HTTP.LEMMONS] cave-new.htm
99.02.22 20:14 B c:\web\lemmons\C-FAITH.GIF;1 <-- WS_FTP32 SYS_HTTP_HOME:[PHIL_HTTP.LEMMONS] C-FAITH.GIF;1
99.02.22 20:14 B c:\web\lemmons\C-IN-NEWMAN.GIF;1 <-- WS_FTP32 SYS_HTTP_HOME:[PHIL_HTTP.LEMMONS] C-IN-NEWMAN.GIF;1
99.02.22 20:14 B c:\web\lemmons\C-INZ-TRUST.HTM;1 <-- WS_FTP32 SYS_HTTP_HOME:[PHIL_HTTP.LEMMONS] C-INZ-TRUST.HTM;1
99.02.22 20:14 B c:\web\lemmons\C-LOVE.GIF;1 <-- WS_FTP32 SYS_HTTP_HOME:[PHIL_HTTP.LEMMONS] C-LOVE.GIF;1
99.02.22 20:14 B c:\web\lemmons\C-LOVE.GIF;2 <-- WS_FTP32 SYS_HTTP_HOME:[PHIL_HTTP.LEMMONS] C-LOVE.GIF;2
99.02.22 20:14 B c:\web\lemmons\C-PRAY.GIF;1 <-- WS_FTP32 SYS_HTTP_HOME:[PHIL_HTTP.LEMMONS] C-PRAY.GIF;1
99.02.22 20:14 B c:\web\lemmons\CAVE-IN-FAITH.GIF;1 <-- WS_FTP32 SYS_HTTP_HOME:[PHIL_HTTP.LEMMONS] CAVE-IN-FAITH.GIF;1
99.02.22 20:14 B c:\web\lemmons\CAVE-IN-SEARCH.GIF;1 <-- WS_FTP32 SYS_HTTP_HOME:[PHIL_HTTP.LEMMONS] CAVE-IN-SEARCH.GIF;1
99.02.22 20:14 B c:\web\lemmons\CAVE-IN-TRUST.GIF;1 <-- WS_FTP32 SYS_HTTP_HOME:[PHIL_HTTP.LEMMONS] CAVE-IN-TRUST.GIF;1
99.02.22 20:14 B c:\web\lemmons\CAVE-IN2-FAITH.GIF;1 <-- WS_FTP32 SYS_HTTP_HOME:[PHIL_HTTP.LEMMONS] CAVE-IN2-FAITH.GIF;1
99.02.22 20:14 B c:\web\lemmons\CAVE-INZ-CHRIST.HTM;1 <-- WS_FTP32 SYS_HTTP_HOME:[PHIL_HTTP.LEMMONS] CAVE-INZ-CHRIST.HTM;1
99.02.22 20:14 B c:\web\lemmons\CAVE-INZ-FAITH.HTM;1 <-- WS_FTP32 SYS_HTTP_HOME:[PHIL_HTTP.LEMMONS] CAVE-INZ-FAITH.HTM;1
99.02.22 20:14 B c:\web\lemmons\CAVE-INZ-HOPE.HTM;1 <-- WS_FTP32 SYS_HTTP_HOME:[PHIL_HTTP.LEMMONS] CAVE-INZ-HOPE.HTM;1
99.02.22 20:14 B c:\web\lemmons\CAVE-INZ-LOVE.HTM;1 <-- WS_FTP32 SYS_HTTP_HOME:[PHIL_HTTP.LEMMONS] CAVE-INZ-LOVE.HTM;1
99.02.22 20:14 B c:\web\lemmons\CAVE-INZ-PRAY.HTM;1 <-- WS_FTP32 SYS_HTTP_HOME:[PHIL_HTTP.LEMMONS] CAVE-INZ-PRAY.HTM;1
99.02.22 20:14 B c:\web\lemmons\CAVE-INZ-PRINCIPLES.HTM;1 <-- WS_FTP32 SYS_HTTP_HOME:[PHIL_HTTP.LEMMONS] CAVE-INZ-PRINCIPLES.HTM;1
99.02.22 20:15 B c:\web\lemmons\CAVE-INZ-SEARCH.HTM;1 <-- WS_FTP32 SYS_HTTP_HOME:[PHIL_HTTP.LEMMONS] CAVE-INZ-SEARCH.HTM;1
99.02.22 20:15 B c:\web\lemmons\CAVE-INZ-TRUST.HTM;1 <-- WS_FTP32 SYS_HTTP_HOME:[PHIL_HTTP.LEMMONS] CAVE-INZ-TRUST.HTM;1
99.02.22 20:15 B c:\web\lemmons\CAVE-NEW.HTM;1 <-- WS_FTP32 SYS_HTTP_HOME:[PHIL_HTTP.LEMMONS] CAVE-NEW.HTM;1
99.02.22 20:17 B c:\web\lemmons\CAVE-IN-SEARCH.GIF;1 <-- WS_FTP32 SYS_HTTP_HOME:[PHIL_HTTP.LEMMONS] CAVE-IN-SEARCH.GIF;1
99.02.22 20:21 B c:\web\lemmons\CAVE-INZ-SEARCH.HTM;1 --> byte.stthomas.edu SYS_HTTP_HOME:[PHIL_HTTP.LEMMONS] CAVE-INZ-SEARCH.HTM;1
99.02.22 20:22 B c:\web\lemmons\PH01772J.JPG;1 <-- WS_FTP32 SYS_HTTP_HOME:[PHIL_HTTP.LEMMONS] PH01772J.JPG;1
99.02.22 20:42 B c:\web\lemmons\hw-sum-mon-s99.htm --> byte.stthomas.edu SYS_HTTP_HOME:[PHIL_HTTP.LEMMONS] hw-sum-mon-s99.htm
99.02.22 20:43 B c:\web\lemmons\hw-sum-mon-s99.htm --> byte.stthomas.edu SYS_HTTP_HOME:[PHIL_HTTP.LEMMONS] hw-sum-mon-s99.htm
99.02.23 15:01 B c:\web\lemmons\CAVE-NEW2.HTML;1 <-- WS_FTP32 SYS_HTTP_HOME:[PHIL_HTTP.LEMMONS] CAVE-NEW2.HTML;1
99.02.23 15:05 B c:\web\lemmons\CAVE-NEW2.HTML;1 --> byte.stthomas.edu SYS_HTTP_HOME:[PHIL_HTTP.LEMMONS] CAVE-NEW2.HTML;1
99.02.23 15:09 B c:\web\lemmons\cave-new2.htm --> byte.stthomas.edu SYS_HTTP_HOME:[PHIL_HTTP.LEMMONS] cave-new2.htm
99.02.23 15:10 B c:\web\lemmons\index.html --> byte.stthomas.edu SYS_HTTP_HOME:[PHIL_HTTP.LEMMONS] index.html
99.02.23 17:27 B c:\web\lemmons\CAVE-RECOMMEND.HTM;1 <-- WS_FTP32 SYS_HTTP_HOME:[PHIL_HTTP.LEMMONS] CAVE-RECOMMEND.HTM;1
99.02.23 17:36 B c:\web\lemmons\cave-recommend.htm --> byte.stthomas.edu SYS_HTTP_HOME:[PHIL_HTTP.LEMMONS] cave-recommend.htm
99.02.23 17:43 B c:\web\lemmons\cave-new2.htm --> byte.stthomas.edu SYS_HTTP_HOME:[PHIL_HTTP.LEMMONS] cave-new2.htm
99.02.23 17:45 B c:\web\lemmons\courses.htm --> byte.stthomas.edu SYS_HTTP_HOME:[PHIL_HTTP.LEMMONS] courses.htm
99.02.23 17:46 B c:\web\lemmons\sites.htm --> byte.stthomas.edu SYS_HTTP_HOME:[PHIL_HTTP.LEMMONS] sites.htm
99.03.01 20:38 B c:\web\LEMMONS\CAVE-RECOMMEND.HTM;1 <-- WS_FTP32 SYS_HTTP_HOME:[PHIL_HTTP.LEMMONS] CAVE-RECOMMEND.HTM;1
99.03.01 20:44 B c:\web\LEMMONS\CAVE-RECOMMEND.HTM --> byte.stthomas.edu SYS_HTTP_HOME:[PHIL_HTTP.LEMMONS] CAVE-RECOMMEND.HTM
99.03.02 14:34 B C:\WEB\LEMMONS\115page.htm --> byte.stthomas.edu SYS_HTTP_HOME:[PHIL_HTTP.LEMMONS] 115page.htm
99.03.02 14:44 B C:\WEB\LEMMONS\CAVE.HTM;1 <-- WS_FTP32 SYS_HTTP_HOME:[PHIL_HTTP.LEMMONS] CAVE.HTM;1
99.03.02 14:48 B C:\WEB\LEMMONS\cave.htm --> byte.stthomas.edu SYS_HTTP_HOME:[PHIL_HTTP.LEMMONS] cave.htm
99.03.02 14:54 B C:\WEB\LEMMONS\CAVE.HTM;1 --> byte.stthomas.edu SYS_HTTP_HOME:[PHIL_HTTP.LEMMONS] CAVE.HTM;1
99.03.02 14:55 B C:\WEB\LEMMONS\cave.htm --> byte.stthomas.edu SYS_HTTP_HOME:[PHIL_HTTP.LEMMONS] cave.htm
99.03.02 14:56 B C:\WEB\LEMMONS\cavet.htm --> byte.stthomas.edu SYS_HTTP_HOME:[PHIL_HTTP.LEMMONS] cavet.htm
99.03.06 17:26 B c:\web\lemmons\sites.htm --> byte.stthomas.edu SYS_HTTP_HOME:[PHIL_HTTP.LEMMONS] sites.htm
99.03.06 17:31 B c:\web\lemmons\hw-sat_s99frontpage.htm --> byte.stthomas.edu SYS_HTTP_HOME:[PHIL_HTTP.LEMMONS] hw-sat_s99frontpage.htm
99.03.06 17:37 B c:\web\lemmons\sites.htm --> byte.stthomas.edu SYS_HTTP_HOME:[PHIL_HTTP.LEMMONS] sites.htm
99.03.06 17:59 B c:\web\lemmons\hw-sum-mon-s99.htm --> byte.stthomas.edu SYS_HTTP_HOME:[PHIL_HTTP.LEMMONS] hw-sum-mon-s99.htm
99.03.06 18:10 B c:\web\lemmons\hw-sum-mon-s99.htm --> byte.stthomas.edu SYS_HTTP_HOME:[PHIL_HTTP.LEMMONS] hw-sum-mon-s99.htm
99.03.08 20:04 B c:\web\lemmons\hw-sum-mon-s99.htm --> byte.stthomas.edu SYS_HTTP_HOME:[PHIL_HTTP.LEMMONS] hw-sum-mon-s99.htm
99.03.08 20:06 B c:\web\lemmons\hw-sum-mon-s99.htm --> byte.stthomas.edu SYS_HTTP_HOME:[PHIL_HTTP.LEMMONS] hw-sum-mon-s99.htm
99.03.08 20:07 B c:\web\lemmons\hw-sum-mon-s99.htm --> byte.stthomas.edu SYS_HTTP_HOME:[PHIL_HTTP.LEMMONS] hw-sum-mon-s99.htm
99.03.10 13:48 B c:\web\lemmons\hw-sum-mon-s99.htm --> byte.stthomas.edu SYS_HTTP_HOME:[PHIL_HTTP.LEMMONS] hw-sum-mon-s99.htm
99.03.15 17:07 B C:\WEB\LEMMONS\hw-sum-mon-s99.htm --> byte.stthomas.edu SYS_HTTP_HOME:[PHIL_HTTP.LEMMONS] hw-sum-mon-s99.htm
99.03.15 17:08 B C:\WEB\LEMMONS\mid-prep-mon-s99.htm --> byte.stthomas.edu SYS_HTTP_HOME:[PHIL_HTTP.LEMMONS] mid-prep-mon-s99.htm
99.03.15 17:10 B C:\WEB\LEMMONS\hw-sum-mon-s99.htm --> byte.stthomas.edu SYS_HTTP_HOME:[PHIL_HTTP.LEMMONS] hw-sum-mon-s99.htm
99.03.15 17:11 B C:\WEB\LEMMONS\hw-sum-mon-s99.htm --> byte.stthomas.edu SYS_HTTP_HOME:[PHIL_HTTP.LEMMONS] hw-sum-mon-s99.htm
99.03.22 19:26 B c:\web\lemmons\aqu-soul-mon-hw.htm --> byte.stthomas.edu SYS_HTTP_HOME:[PHIL_HTTP.LEMMONS] aqu-soul-mon-hw.htm
99.03.22 19:34 B c:\web\lemmons\hw-sum-mon-s99.htm --> byte.stthomas.edu SYS_HTTP_HOME:[PHIL_HTTP.LEMMONS] hw-sum-mon-s99.htm
99.03.22 19:54 B c:\web\lemmons\hw-sat_s99frontpage.htm --> byte.stthomas.edu SYS_HTTP_HOME:[PHIL_HTTP.LEMMONS] hw-sat_s99frontpage.htm
99.03.22 20:08 B c:\web\lemmons\descart-cole-ques-sat.htm --> byte.stthomas.edu SYS_HTTP_HOME:[PHIL_HTTP.LEMMONS] descart-cole-ques-sat.htm
99.03.22 20:10 B c:\web\lemmons\HW-SAT-6.HTM --> byte.stthomas.edu SYS_HTTP_HOME:[PHIL_HTTP.LEMMONS] HW-SAT-6.HTM
99.03.22 20:13 B c:\web\lemmons\HW-SAT-6.HTM --> byte.stthomas.edu SYS_HTTP_HOME:[PHIL_HTTP.LEMMONS] HW-SAT-6.HTM
99.03.22 20:15 B c:\web\lemmons\HW-SAT-6.HTM --> byte.stthomas.edu SYS_HTTP_HOME:[PHIL_HTTP.LEMMONS] HW-SAT-6.HTM
99.03.22 20:18 B c:\web\lemmons\hw-sat-6.htm --> byte.stthomas.edu SYS_HTTP_HOME:[PHIL_HTTP.LEMMONS] hw-sat-6.htm
99.04.01 15:09 B c:\web\lemmons\hw-sum-mon-s99.htm --> byte.stthomas.edu SYS_HTTP_HOME:[PHIL_HTTP.LEMMONS] hw-sum-mon-s99.htm
99.04.10 17:25 B c:\web\lemmons\hw-sat_s99frontpage.htm --> byte.stthomas.edu SYS_HTTP_HOME:[PHIL_HTTP.LEMMONS] hw-sat_s99frontpage.htm
99.04.10 17:25 B c:\web\lemmons\hw-sat_s99frontpage.htm --> byte.stthomas.edu SYS_HTTP_HOME:[PHIL_HTTP.LEMMONS] hw-sat_s99frontpage.htm
99.04.10 17:27 B c:\web\lemmons\CULT-ARTE.htm --> byte.stthomas.edu SYS_HTTP_HOME:[PHIL_HTTP.LEMMONS] CULT-ARTE.htm
99.04.14 13:42 B C:\WEB\LEMMONS\sites.htm --> byte.stthomas.edu SYS_HTTP_HOME:[PHIL_HTTP.LEMMONS] sites.htm
99.04.14 13:48 B C:\WEB\LEMMONS\cave.htm --> byte.stthomas.edu SYS_HTTP_HOME:[PHIL_HTTP.LEMMONS] cave.htm
99.04.16 15:49 B c:\web\lemmons\vit.htm --> byte.stthomas.edu SYS_HTTP_HOME:[PHIL_HTTP.LEMMONS] vit.htm
99.04.16 15:51 B c:\web\lemmons\vit.htm --> byte.stthomas.edu SYS_HTTP_HOME:[PHIL_HTTP.LEMMONS] vit.htm
99.04.16 16:19 B c:\web\lemmons\cave.htm --> byte.stthomas.edu SYS_HTTP_HOME:[PHIL_HTTP.LEMMONS] cave.htm
99.04.16 16:25 B c:\web\lemmons\cave.htm --> byte.stthomas.edu SYS_HTTP_HOME:[PHIL_HTTP.LEMMONS] cave.htm
99.04.16 16:33 B c:\web\lemmons\cave.htm --> byte.stthomas.edu SYS_HTTP_HOME:[PHIL_HTTP.LEMMONS] cave.htm
99.04.16 16:41 B c:\web\lemmons\end-phil.htm --> byte.stthomas.edu SYS_HTTP_HOME:[PHIL_HTTP.LEMMONS] end-phil.htm
99.04.16 17:05 B c:\web\lemmons\sites.htm --> byte.stthomas.edu SYS_HTTP_HOME:[PHIL_HTTP.LEMMONS] sites.htm
99.04.16 17:06 B c:\web\lemmons\ --> byte.stthomas.edu SYS_HTTP_HOME:[PHIL_HTTP.LEMMONS] 
99.04.16 17:06 B c:\web\lemmons\parchRED.jpg --> byte.stthomas.edu SYS_HTTP_HOME:[PHIL_HTTP.LEMMONS] parchRED.jpg
99.04.16 17:06 B c:\web\lemmons\parchment.jpg --> byte.stthomas.edu SYS_HTTP_HOME:[PHIL_HTTP.LEMMONS] parchment.jpg
99.04.16 17:10 B c:\web\lemmons\cave.htm --> byte.stthomas.edu SYS_HTTP_HOME:[PHIL_HTTP.LEMMONS] cave.htm
99.04.17 16:36 B c:\web\lemmons\end-phil.htm --> byte.stthomas.edu SYS_HTTP_HOME:[PHIL_HTTP.LEMMONS] end-phil.htm
99.04.17 16:42 B c:\web\lemmons\end-phil.htm --> byte.stthomas.edu SYS_HTTP_HOME:[PHIL_HTTP.LEMMONS] end-phil.htm
99.04.17 16:58 B c:\web\lemmons\cave-recommend.htm --> byte.stthomas.edu SYS_HTTP_HOME:[PHIL_HTTP.LEMMONS] cave-recommend.htm
99.04.17 17:14 B c:\web\lemmons\luv_page.htm --> byte.stthomas.edu SYS_HTTP_HOME:[PHIL_HTTP.LEMMONS] luv_page.htm
99.04.17 17:15 B c:\web\lemmons\luv_syll.htm --> byte.stthomas.edu SYS_HTTP_HOME:[PHIL_HTTP.LEMMONS] luv_syll.htm
99.04.17 17:16 B c:\web\lemmons\luvsyll.htm --> byte.stthomas.edu SYS_HTTP_HOME:[PHIL_HTTP.LEMMONS] luvsyll.htm
99.04.17 17:23 B c:\web\lemmons\sites.htm --> byte.stthomas.edu SYS_HTTP_HOME:[PHIL_HTTP.LEMMONS] sites.htm
99.04.17 17:28 B c:\web\lemmons\sites.htm --> byte.stthomas.edu SYS_HTTP_HOME:[PHIL_HTTP.LEMMONS] sites.htm
99.04.19 16:04 B c:\web\lemmons\hw-sat_s99frontpage.htm --> byte.stthomas.edu SYS_HTTP_HOME:[PHIL_HTTP.LEMMONS] hw-sat_s99frontpage.htm
99.04.19 19:45 B c:\web\lemmons\hw-sum-mon-s99.htm --> byte.stthomas.edu SYS_HTTP_HOME:[PHIL_HTTP.LEMMONS] hw-sum-mon-s99.htm
99.04.19 19:57 B c:\web\lemmons\hw-sum-mon-s99.htm --> byte.stthomas.edu SYS_HTTP_HOME:[PHIL_HTTP.LEMMONS] hw-sum-mon-s99.htm
99.04.19 20:29 B c:\web\lemmons\hw-sum-mon-s99.htm --> byte.stthomas.edu SYS_HTTP_HOME:[PHIL_HTTP.LEMMONS] hw-sum-mon-s99.htm
99.04.19 20:30 B c:\web\lemmons\hw-sum-mon-s99.htm --> byte.stthomas.edu SYS_HTTP_HOME:[PHIL_HTTP.LEMMONS] hw-sum-mon-s99.htm
99.04.19 20:33 B c:\web\lemmons\hw-sum-mon-s99.htm --> byte.stthomas.edu SYS_HTTP_HOME:[PHIL_HTTP.LEMMONS] hw-sum-mon-s99.htm
99.04.21 14:56 B C:\WEB\LEMMONS\hw-sum-mon-s99.htm --> byte.stthomas.edu SYS_HTTP_HOME:[PHIL_HTTP.LEMMONS] hw-sum-mon-s99.htm
99.04.26 19:57 B c:\web\lemmons\vit.htm --> byte.stthomas.edu SYS_HTTP_HOME:[PHIL_HTTP.LEMMONS] vit.htm
99.05.03 16:33 B c:\web\lemmons\vit-s99.htm --> byte.stthomas.edu SYS_HTTP_HOME:[PHIL_HTTP.LEMMONS] vit-s99.htm
99.05.03 16:44 B c:\web\lemmons\vit.htm --> byte.stthomas.edu SYS_HTTP_HOME:[PHIL_HTTP.LEMMONS] vit.htm
99.05.03 16:48 B c:\web\lemmons\vit.htm --> byte.stthomas.edu SYS_HTTP_HOME:[PHIL_HTTP.LEMMONS] vit.htm
99.05.05 19:43 B c:\web\lemmons\hw-sat_s99frontpage.htm --> byte.stthomas.edu SYS_HTTP_HOME:[PHIL_HTTP.LEMMONS] hw-sat_s99frontpage.htm
99.05.05 19:45 B c:\web\lemmons\hw-sat_s99frontpage.htm --> byte.stthomas.edu SYS_HTTP_HOME:[PHIL_HTTP.LEMMONS] hw-sat_s99frontpage.htm
99.05.17 17:14 B c:\web\lemmons\CULT-ARTE.htm --> byte.stthomas.edu SYS_HTTP_HOME:[PHIL_HTTP.LEMMONS] CULT-ARTE.htm
99.08.17 15:33 B C:\WEB\LEMMONS\sites.htm --> byte.stthomas.edu SYS_HTTP_HOME:[PHIL_HTTP.LEMMONS] sites.htm
99.09.01 14:40 B c:\web\LEMMONS\tutorpd.html --> byte.stthomas.edu SYS_HTTP_HOME:[PHIL_HTTP.LEMMONS] tutorpd.html
99.09.01 14:49 B c:\web\LEMMONS\tutorpd.html --> byte.stthomas.edu SYS_HTTP_HOME:[PHIL_HTTP.LEMMONS] tutorpd.html
99.09.01 14:49 B c:\web\LEMMONS\TUTORPD.HTML;1 <-- WS_FTP32 SYS_HTTP_HOME:[PHIL_HTTP.LEMMONS] TUTORPD.HTML;1
99.09.01 14:51 B c:\web\LEMMONS\TUTORPD.HTML;1 --> byte.stthomas.edu SYS_HTTP_HOME:[PHIL_HTTP.LEMMONS] TUTORPD.HTML;1
99.09.10 14:33 B c:\web\lemmons\tutorpd.html --> byte.stthomas.edu SYS_HTTP_HOME:[PHIL_HTTP.LEMMONS] tutorpd.html
99.09.10 14:35 B c:\web\lemmons\tutorpd.html --> byte.stthomas.edu SYS_HTTP_HOME:[PHIL_HTTP] tutorpd.html
99.09.10 14:38 B c:\web\lemmons\tutorpd.html --> byte.stthomas.edu SYS_HTTP_HOME:[PHIL_HTTP] tutorpd.html
99.09.10 14:56 B c:\web\lemmons\tutorpd.html --> byte.stthomas.edu SYS_HTTP_HOME:[PHIL_HTTP] tutorpd.html
99.09.15 13:59 B c:\web\lemmons\COURSESS99.HTM;1 <-- WS_FTP32 SYS_HTTP_HOME:[PHIL_HTTP] COURSESS99.HTM;1
99.09.15 14:12 B c:\web\lemmons\deptf99.HTM --> byte.stthomas.edu SYS_HTTP_HOME:[PHIL_HTTP] deptf99.HTM
99.09.15 14:13 B c:\web\lemmons\deptf99.HTM --> byte.stthomas.edu SYS_HTTP_HOME:[PHIL_HTTP] deptf99.HTM
99.09.15 14:14 B c:\web\lemmons\INDEX.HTML;1 <-- WS_FTP32 SYS_HTTP_HOME:[PHIL_HTTP] INDEX.HTML;1
99.11.17 16:53 B c:\web\LEMMONS\luv_page.htm --> byte.stthomas.edu SYS_HTTP_HOME:[PHIL_HTTP.LEMMONS] luv_page.htm
99.11.17 16:55 B c:\web\LEMMONS\LUV_PAGE3.HTM;2 <-- WS_FTP32 SYS_HTTP_HOME:[PHIL_HTTP.LEMMONS] LUV_PAGE3.HTM;2
99.11.17 16:58 B c:\web\LEMMONS\luv_page.htm --> byte.stthomas.edu SYS_HTTP_HOME:[PHIL_HTTP.LEMMONS] luv_page.htm
99.11.17 17:00 B c:\web\LEMMONS\luv_page.htm --> byte.stthomas.edu SYS_HTTP_HOME:[PHIL_HTTP.LEMMONS] luv_page.htm
99.11.17 17:03 B c:\web\LEMMONS\luvsyll.htm --> byte.stthomas.edu SYS_HTTP_HOME:[PHIL_HTTP.LEMMONS] luvsyll.htm
99.11.17 17:05 B c:\web\LEMMONS\COURSES.HTM;1 <-- WS_FTP32 SYS_HTTP_HOME:[PHIL_HTTP.LEMMONS] COURSES.HTM;1
99.11.17 17:07 B c:\web\LEMMONS\COURSES.HTM --> byte.stthomas.edu SYS_HTTP_HOME:[PHIL_HTTP.LEMMONS] COURSES.HTM
100.01.07 16:56 B c:\web\LEMMONS\115page.htm --> byte.stthomas.edu SYS_HTTP_HOME:[PHIL_HTTP.LEMMONS] 115page.htm
100.01.07 17:01 B c:\web\LEMMONS\115page.htm --> byte.stthomas.edu SYS_HTTP_HOME:[PHIL_HTTP.LEMMONS] 115page.htm
100.01.07 17:02 B c:\web\LEMMONS\115syll.htm --> byte.stthomas.edu SYS_HTTP_HOME:[PHIL_HTTP.LEMMONS] 115syll.htm
100.01.07 17:04 B c:\web\LEMMONS\Courses.htm --> byte.stthomas.edu SYS_HTTP_HOME:[PHIL_HTTP.LEMMONS] Courses.htm
100.01.07 17:05 B c:\web\LEMMONS\115page.htm --> byte.stthomas.edu SYS_HTTP_HOME:[PHIL_HTTP.LEMMONS] 115page.htm
100.01.07 17:08 B c:\web\LEMMONS\Courses.htm --> byte.stthomas.edu SYS_HTTP_HOME:[PHIL_HTTP.LEMMONS] Courses.htm
100.01.07 17:09 B c:\web\LEMMONS\115syll.htm --> byte.stthomas.edu SYS_HTTP_HOME:[PHIL_HTTP.LEMMONS] 115syll.htm
100.01.07 17:10 B c:\web\LEMMONS\115syll.htm --> byte.stthomas.edu SYS_HTTP_HOME:[PHIL_HTTP.LEMMONS] 115syll.htm
100.01.07 17:10 B c:\web\LEMMONS\115syll.htm --> byte.stthomas.edu SYS_HTTP_HOME:[PHIL_HTTP.LEMMONS] 115syll.htm
100.01.28 15:03 B c:\web\lemmons\sites.htm --> byte.stthomas.edu SYS_HTTP_HOME:[PHIL_HTTP.LEMMONS] sites.htm
100.01.28 16:54 B c:\web\lemmons\luvsyll.htm --> byte.stthomas.edu SYS_HTTP_HOME:[PHIL_HTTP.LEMMONS] luvsyll.htm
100.01.28 16:57 B c:\web\lemmons\luvsyll.htm --> byte.stthomas.edu SYS_HTTP_HOME:[PHIL_HTTP.LEMMONS] luvsyll.htm
100.01.31 13:37 B C:\WEB\LEMMONS\115SYLL.HTM;1 <-- WS_FTP32 SYS_HTTP_HOME:[PHIL_HTTP.LEMMONS] 115SYLL.HTM;1
100.01.31 13:44 B C:\WEB\LEMMONS\115SYLL-S00.HTM;1 --> byte.stthomas.edu SYS_HTTP_HOME:[PHIL_HTTP.LEMMONS] 115SYLL-S00.HTM;1
100.01.31 13:47 B C:\WEB\LEMMONS\115syll_s00.htm --> byte.stthomas.edu SYS_HTTP_HOME:[PHIL_HTTP.LEMMONS] 115syll_s00.htm
100.01.31 13:48 B C:\WEB\LEMMONS\115syll_s00.htm --> byte.stthomas.edu SYS_HTTP_HOME:[PHIL_HTTP.LEMMONS] 115syll_s00.htm
100.01.31 13:57 B C:\WEB\LEMMONS\115syll_s00.htm --> byte.stthomas.edu SYS_HTTP_HOME:[PHIL_HTTP.LEMMONS] 115syll_s00.htm
100.01.31 14:07 B C:\WEB\LEMMONS\115page.htm --> byte.stthomas.edu SYS_HTTP_HOME:[PHIL_HTTP.LEMMONS] 115page.htm
100.01.31 14:10 B C:\WEB\LEMMONS\115page.htm --> byte.stthomas.edu SYS_HTTP_HOME:[PHIL_HTTP.LEMMONS] 115page.htm
100.01.31 14:11 B C:\WEB\LEMMONS\115page.htm --> byte.stthomas.edu SYS_HTTP_HOME:[PHIL_HTTP.LEMMONS] 115page.htm
100.01.31 19:49 B C:\WEB\LEMMONS\sites.htm --> byte.stthomas.edu SYS_HTTP_HOME:[PHIL_HTTP.LEMMONS] sites.htm
100.02.01 13:21 B C:\WEB\LEMMONS\luvsyll.htm --> byte.stthomas.edu SYS_HTTP_HOME:[PHIL_HTTP.LEMMONS] luvsyll.htm
100.02.01 14:43 B C:\WEB\LEMMONS\luv_page.htm --> byte.stthomas.edu SYS_HTTP_HOME:[PHIL_HTTP.LEMMONS] luv_page.htm
100.02.07 14:18 B C:\WEB\LEMMONS\115page.htm --> byte.stthomas.edu SYS_HTTP_HOME:[PHIL_HTTP.LEMMONS] 115page.htm
100.02.07 17:16 B c:\web\LEMMONS\luv_page.htm --> byte.stthomas.edu SYS_HTTP_HOME:[PHIL_HTTP.LEMMONS] luv_page.htm
100.02.07 17:16 B c:\web\LEMMONS\HW-LUV-SUM-SOO.HTM;1 <-- WS_FTP32 SYS_HTTP_HOME:[PHIL_HTTP.LEMMONS] HW-LUV-SUM-SOO.HTM;1
100.02.10 17:38 B c:\web\lemmons\SITES.HTM;1 <-- WS_FTP32 SYS_HTTP_HOME:[PHIL_HTTP.LEMMONS] SITES.HTM;1
100.02.10 17:42 B c:\web\lemmons\SITES.HTM;1 --> byte.stthomas.edu SYS_HTTP_HOME:[PHIL_HTTP.LEMMONS] SITES.HTM;1
100.02.10 17:44 B c:\web\lemmons\SITES.HTM --> byte.stthomas.edu SYS_HTTP_HOME:[PHIL_HTTP.LEMMONS] SITES.HTM
100.02.10 17:45 B c:\web\lemmons\SITES.HTM --> byte.stthomas.edu SYS_HTTP_HOME:[PHIL_HTTP.LEMMONS] SITES.HTM
100.02.10 17:48 B c:\web\lemmons\Sites.htm --> byte.stthomas.edu SYS_HTTP_HOME:[PHIL_HTTP.LEMMONS] Sites.htm
100.02.18 14:35 B c:\web\LEMMONS\Sites.htm --> byte.stthomas.edu SYS_HTTP_HOME:[PHIL_HTTP.LEMMONS] Sites.htm
100.02.21 19:22 B c:\web\lemmons\Sites.htm --> byte.stthomas.edu SYS_HTTP_HOME:[PHIL_HTTP.LEMMONS] Sites.htm
100.02.22 17:41 B c:\web\LEMMONS\Sites.htm --> byte.stthomas.edu SYS_HTTP_HOME:[PHIL_HTTP.LEMMONS] Sites.htm
100.02.23 16:54 B C:\WEB\LEMMONS\Sites.htm --> byte.stthomas.edu SYS_HTTP_HOME:[PHIL_HTTP.LEMMONS] Sites.htm
100.03.09 17:16 B c:\web\lemmons\log-cond-addit-ans.htm --> byte.stthomas.edu SYS_HTTP_HOME:[PHIL_HTTP.LEMMONS] log-cond-addit-ans.htm
100.03.09 17:17 B c:\web\lemmons\log-cond-addit.htm --> byte.stthomas.edu SYS_HTTP_HOME:[PHIL_HTTP.LEMMONS] log-cond-addit.htm
100.03.09 17:17 B c:\web\lemmons\115page.htm --> byte.stthomas.edu SYS_HTTP_HOME:[PHIL_HTTP.LEMMONS] 115page.htm
100.03.10 14:03 B c:\web\lemmons\vit.htm --> byte.stthomas.edu SYS_HTTP_HOME:[PHIL_HTTP.LEMMONS] vit.htm
100.03.10 14:04 B c:\web\lemmons\115page.htm --> byte.stthomas.edu SYS_HTTP_HOME:[PHIL_HTTP.LEMMONS] 115page.htm
100.03.10 14:04 B c:\web\lemmons\addit-cond-ans.htm --> byte.stthomas.edu SYS_HTTP_HOME:[PHIL_HTTP.LEMMONS] addit-cond-ans.htm
100.03.10 14:07 B c:\web\lemmons\addit-cond-ans.htm --> byte.stthomas.edu SYS_HTTP_HOME:[PHIL_HTTP.LEMMONS] addit-cond-ans.htm
100.03.15 19:51 B C:\WEB\LEMMONS\p-aqu-cont.htm --> byte.stthomas.edu SYS_HTTP_HOME:[PHIL_HTTP.LEMMONS] p-aqu-cont.htm
100.03.29 16:50 B c:\web\LEMMONS\cave.htm --> byte.stthomas.edu SYS_HTTP_HOME:[PHIL_HTTP.LEMMONS] cave.htm
100.03.29 16:51 B c:\web\LEMMONS\cave.htm --> byte.stthomas.edu SYS_HTTP_HOME:[PHIL_HTTP.LEMMONS] cave.htm
100.03.29 16:54 B c:\web\LEMMONS\cave.htm --> byte.stthomas.edu SYS_HTTP_HOME:[PHIL_HTTP.LEMMONS] cave.htm
100.04.07 16:52 B c:\web\lemmons\115page.htm --> byte.stthomas.edu SYS_HTTP_HOME:[PHIL_HTTP.LEMMONS] 115page.htm
100.04.07 16:58 B c:\web\lemmons\OREGON-FNL.HTM;1 <-- WS_FTP32 SYS_HTTP_HOME:[PHIL_HTTP.LEMMONS] OREGON-FNL.HTM;1
100.04.07 17:00 B c:\web\lemmons\OREGON-FNL.HTM;1 --> byte.stthomas.edu SYS_HTTP_HOME:[PHIL_HTTP.LEMMONS] OREGON-FNL.HTM;1
100.04.07 17:00 B c:\web\lemmons\vit.htm --> byte.stthomas.edu SYS_HTTP_HOME:[PHIL_HTTP.LEMMONS] vit.htm
100.04.10 20:04 B C:\WEB\LEMMONS\Sites.htm --> byte.stthomas.edu SYS_HTTP_HOME:[PHIL_HTTP.LEMMONS] Sites.htm
100.04.10 20:10 B c:\web\lemmons\115page.htm --> byte.stthomas.edu SYS_HTTP_HOME:[PHIL_HTTP.LEMMONS] 115page.htm
100.04.10 20:10 B c:\web\lemmons\115page.htm --> byte.stthomas.edu SYS_HTTP_HOME:[PHIL_HTTP.LEMMONS] 115page.htm
100.04.10 20:12 B c:\web\lemmons\115page.htm --> byte.stthomas.edu SYS_HTTP_HOME:[PHIL_HTTP.LEMMONS] 115page.htm
100.04.12 20:08 B c:\web\lemmons\115page.htm --> byte.stthomas.edu SYS_HTTP_HOME:[PHIL_HTTP.LEMMONS] 115page.htm
100.04.12 20:10 B c:\web\lemmons\115page.htm --> byte.stthomas.edu SYS_HTTP_HOME:[PHIL_HTTP.LEMMONS] 115page.htm
100.04.19 17:13 B c:\web\lemmons\Sites.htm --> byte.stthomas.edu SYS_HTTP_HOME:[PHIL_HTTP.LEMMONS] Sites.htm
100.05.08 17:32 B c:\web\lemmons\vit.htm --> byte.stthomas.edu SYS_HTTP_HOME:[PHIL_HTTP.LEMMONS] vit.htm
100.05.08 19:39 B c:\web\lemmons\vit.htm --> byte.stthomas.edu SYS_HTTP_HOME:[PHIL_HTTP.LEMMONS] vit.htm
