97.07.11 14:58 B C:\web\raphael2.gif --> byte.stthomas.edu SYS_HTTP_HOME:[PHIL_HTTP.LEMMONS] raphael2.gif
97.07.11 15:03 B C:\web\page1.htm --> byte.stthomas.edu SYS_HTTP_HOME:[PHIL_HTTP.LEMMONS] page1.htm
97.07.23 17:02 B C:\web\WEBPAGE1.HTM --> byte.stthomas.edu SYS_HTTP_HOME:[PHIL_HTTP] WEBPAGE1.HTM
97.07.23 17:02 B C:\web\WEBPAGE1.HTM --> byte.stthomas.edu SYS_HTTP_HOME:[PHIL_HTTP.LEMMONS] WEBPAGE1.HTM
97.07.23 17:47 B C:\WEB\phil214.htm --> byte.stthomas.edu SYS_HTTP_HOME:[PHIL_HTTP.LEMMONS] phil214.htm
97.07.23 17:48 B C:\WEB\115syll.htm --> byte.stthomas.edu SYS_HTTP_HOME:[PHIL_HTTP.LEMMONS] 115syll.htm
97.07.23 18:03 B C:\WEB\115syll.htm --> byte.stthomas.edu SYS_HTTP_HOME:[PHIL_HTTP.LEMMONS] 115syll.htm
97.07.23 18:04 B C:\WEB\phil115.htm --> byte.stthomas.edu SYS_HTTP_HOME:[PHIL_HTTP.LEMMONS] phil115.htm
97.07.23 18:04 B C:\WEB\phil115.htm --> byte.stthomas.edu SYS_HTTP_HOME:[PHIL_HTTP.LEMMONS] phil115.htm
97.07.23 18:33 B c:\web\115syll.htm --> byte.stthomas.edu SYS_HTTP_HOME:[PHIL_HTTP.LEMMONS] 115syll.htm
97.07.23 18:58 B c:\web\115syll.htm --> byte.stthomas.edu SYS_HTTP_HOME:[PHIL_HTTP] 115syll.htm
97.07.23 19:48 B c:\web\115syll.htm --> byte.stthomas.edu SYS_HTTP_HOME:[PHIL_HTTP.LEMMONS] 115syll.htm
97.07.29 19:23 B C:\WEB\webpage1.htm --> byte.stthomas.edu SYS_HTTP_HOME:[PHIL_HTTP.LEMMONS] webpage1.htm
97.08.04 17:58 B c:\web\surf.jpg --> byte.stthomas.edu SYS_HTTP_HOME:[PHIL_HTTP.LEMMONS] surf.jpg
97.08.04 20:13 B c:\web\phil214.htm --> byte.stthomas.edu SYS_HTTP_HOME:[PHIL_HTTP.LEMMONS] phil214.htm
97.10.01 15:37 B c:\web\pplcp002.jpg --> byte.stthomas.edu SYS_HTTP_HOME:[PHIL_HTTP.LEMMONS] pplcp002.jpg
97.10.01 15:37 B c:\web\pplcp003.jpg --> byte.stthomas.edu SYS_HTTP_HOME:[PHIL_HTTP.LEMMONS] pplcp003.jpg
97.10.01 15:37 B c:\web\pplcp005.jpg --> byte.stthomas.edu SYS_HTTP_HOME:[PHIL_HTTP.LEMMONS] pplcp005.jpg
97.10.01 15:37 B c:\web\pplcp028.jpg --> byte.stthomas.edu SYS_HTTP_HOME:[PHIL_HTTP.LEMMONS] pplcp028.jpg
97.10.01 15:37 B c:\web\pplcp032.jpg --> byte.stthomas.edu SYS_HTTP_HOME:[PHIL_HTTP.LEMMONS] pplcp032.jpg
97.10.01 15:37 B c:\web\pplcp033.jpg --> byte.stthomas.edu SYS_HTTP_HOME:[PHIL_HTTP.LEMMONS] pplcp033.jpg
97.10.01 15:37 B c:\web\pplcp047.jpg --> byte.stthomas.edu SYS_HTTP_HOME:[PHIL_HTTP.LEMMONS] pplcp047.jpg
97.10.01 15:37 B c:\web\pplgl065.jpg --> byte.stthomas.edu SYS_HTTP_HOME:[PHIL_HTTP.LEMMONS] pplgl065.jpg
97.10.01 15:37 B c:\web\pplgp010.jpg --> byte.stthomas.edu SYS_HTTP_HOME:[PHIL_HTTP.LEMMONS] pplgp010.jpg
97.10.01 15:37 B c:\web\pplgp016.jpg --> byte.stthomas.edu SYS_HTTP_HOME:[PHIL_HTTP.LEMMONS] pplgp016.jpg
97.10.02 18:57 B C:\WEB\pplgl065.jpg --> byte.stthomas.edu SYS_HTTP_HOME:[PHIL_HTTP.LEMMONS] pplgl065.jpg
97.10.02 19:03 B C:\WEB\pplgl065.jpg --> byte.stthomas.edu SYS_HTTP_HOME:[PHIL_HTTP.LEMMONS] pplgl065.jpg
