100.02.07 17:14 B c:\wpw\course\luv-sex.fri\hw-luv-sum-soo.htm --> byte.stthomas.edu SYS_HTTP_HOME:[PHIL_HTTP.LEMMONS] hw-luv-sum-soo.htm
100.02.08 16:54 B c:\wpw\course\luv-sex.fri\hw-luv-sum-soo.htm --> byte.stthomas.edu SYS_HTTP_HOME:[PHIL_HTTP.LEMMONS] hw-luv-sum-soo.htm
100.02.10 17:29 B c:\wpw\course\luv-sex.fri\HW-LUV-SUM-SOO.HTM;1 <-- WS_FTP32 SYS_HTTP_HOME:[PHIL_HTTP.LEMMONS] HW-LUV-SUM-SOO.HTM;1
100.02.10 17:33 B c:\wpw\course\luv-sex.fri\HW-LUV-SUM-SOO.HTM --> byte.stthomas.edu SYS_HTTP_HOME:[PHIL_HTTP.LEMMONS] HW-LUV-SUM-SOO.HTM
100.02.15 14:40 B c:\wpw\course\luv-sex.fri\hw-luv-sum-soo.htm --> byte.stthomas.edu SYS_HTTP_HOME:[PHIL_HTTP.LEMMONS] hw-luv-sum-soo.htm
100.02.15 15:01 B c:\wpw\course\luv-sex.fri\hw-luv-sum-soo.htm --> byte.stthomas.edu SYS_HTTP_HOME:[PHIL_HTTP.LEMMONS] hw-luv-sum-soo.htm
100.02.17 17:26 B c:\wpw\course\luv-sex.fri\hw-luv-sum-soo.htm --> byte.stthomas.edu SYS_HTTP_HOME:[PHIL_HTTP.LEMMONS] hw-luv-sum-soo.htm
100.02.22 14:40 B c:\wpw\course\luv-sex.fri\hw-luv-sum-soo.htm --> byte.stthomas.edu SYS_HTTP_HOME:[PHIL_HTTP.LEMMONS] hw-luv-sum-soo.htm
100.02.22 17:35 B c:\wpw\course\luv-sex.fri\hw-luv-sum-soo.htm --> byte.stthomas.edu SYS_HTTP_HOME:[PHIL_HTTP.LEMMONS] hw-luv-sum-soo.htm
100.02.25 18:15 B c:\wpw\course\luv-sex.fri\hw-luv-sum-soo.htm --> byte.stthomas.edu SYS_HTTP_HOME:[PHIL_HTTP.LEMMONS] hw-luv-sum-soo.htm
100.02.25 18:17 B c:\wpw\course\luv-sex.fri\hw-luv-sum-soo.htm --> byte.stthomas.edu SYS_HTTP_HOME:[PHIL_HTTP.LEMMONS] hw-luv-sum-soo.htm
100.02.25 18:18 B c:\wpw\course\luv-sex.fri\hw-luv-sum-soo.htm --> byte.stthomas.edu SYS_HTTP_HOME:[PHIL_HTTP.LEMMONS] hw-luv-sum-soo.htm
100.03.06 19:38 B c:\wpw\course\luv-sex.fri\hw-luv-sum-soo.htm --> byte.stthomas.edu SYS_HTTP_HOME:[PHIL_HTTP.LEMMONS] hw-luv-sum-soo.htm
100.03.10 16:14 B c:\wpw\course\luv-sex.fri\hw-luv-sum-soo.htm --> byte.stthomas.edu SYS_HTTP_HOME:[PHIL_HTTP.LEMMONS] hw-luv-sum-soo.htm
100.03.13 15:25 B c:\wpw\course\luv-sex.fri\HW-LUV-SUM-SOO.HTM;1 <-- WS_FTP32 SYS_HTTP_HOME:[PHIL_HTTP.LEMMONS] HW-LUV-SUM-SOO.HTM;1
100.03.13 15:27 B c:\wpw\course\luv-sex.fri\hw-luv-sum-soo.htm --> byte.stthomas.edu SYS_HTTP_HOME:[PHIL_HTTP.LEMMONS] hw-luv-sum-soo.htm
100.03.13 16:01 B c:\wpw\course\luv-sex.fri\honor-pledge.htm --> byte.stthomas.edu SYS_HTTP_HOME:[PHIL_HTTP.LEMMONS] honor-pledge.htm
100.03.29 16:46 B c:\wpw\course\luv-sex.fri\hw-luv-sum-soo.htm --> byte.stthomas.edu SYS_HTTP_HOME:[PHIL_HTTP.LEMMONS] hw-luv-sum-soo.htm
100.03.29 16:46 B c:\wpw\course\luv-sex.fri\hw-luv-sum-soo.htm --> byte.stthomas.edu SYS_HTTP_HOME:[PHIL_HTTP.LEMMONS] hw-luv-sum-soo.htm
100.04.12 17:51 B c:\wpw\course\luv-sex.fri\HW-LUV-SUM-SOO.HTM;1 <-- WS_FTP32 SYS_HTTP_HOME:[PHIL_HTTP.LEMMONS] HW-LUV-SUM-SOO.HTM;1
100.04.12 17:58 B c:\wpw\course\luv-sex.fri\HW-LUV-SUM-SOO.HTM;1 --> byte.stthomas.edu SYS_HTTP_HOME:[PHIL_HTTP.LEMMONS] HW-LUV-SUM-SOO.HTM;1
100.04.12 18:04 B c:\wpw\course\luv-sex.fri\hw-luv-sum-soo.htm --> byte.stthomas.edu SYS_HTTP_HOME:[PHIL_HTTP.LEMMONS] hw-luv-sum-soo.htm
100.04.19 17:02 B c:\wpw\course\luv-sex.fri\hw-luv-sum-soo.htm --> byte.stthomas.edu SYS_HTTP_HOME:[PHIL_HTTP.LEMMONS] hw-luv-sum-soo.htm
100.05.04 17:44 B c:\wpw\course\luv-sex.fri\hw-luv-sum-soo.htm --> byte.stthomas.edu SYS_HTTP_HOME:[PHIL_HTTP.LEMMONS] hw-luv-sum-soo.htm
100.05.04 17:49 B c:\wpw\course\luv-sex.fri\honor-pledge.htm --> byte.stthomas.edu SYS_HTTP_HOME:[PHIL_HTTP.LEMMONS] honor-pledge.htm
100.05.04 17:51 B c:\wpw\course\luv-sex.fri\hw-luv-sum-soo.htm --> byte.stthomas.edu SYS_HTTP_HOME:[PHIL_HTTP.LEMMONS] hw-luv-sum-soo.htm
