98.05.19 16:18 B c:\web\lemmons\LuvRespSumCol\activem.gif --> byte.stthomas.edu SYS_HTTP_HOME:[PHIL_HTTP.LEMMONS.LUVRESPSUMCOL] activem.gif
98.05.19 16:18 B c:\web\lemmons\LuvRespSumCol\activep.gif --> byte.stthomas.edu SYS_HTTP_HOME:[PHIL_HTTP.LEMMONS.LUVRESPSUMCOL] activep.gif
98.05.19 16:18 B c:\web\lemmons\LuvRespSumCol\collapse.gif --> byte.stthomas.edu SYS_HTTP_HOME:[PHIL_HTTP.LEMMONS.LUVRESPSUMCOL] collapse.gif
98.05.19 16:18 B c:\web\lemmons\LuvRespSumCol\expand.gif --> byte.stthomas.edu SYS_HTTP_HOME:[PHIL_HTTP.LEMMONS.LUVRESPSUMCOL] expand.gif
98.05.19 16:18 B c:\web\lemmons\LuvRespSumCol\first.gif --> byte.stthomas.edu SYS_HTTP_HOME:[PHIL_HTTP.LEMMONS.LUVRESPSUMCOL] first.gif
98.05.19 16:18 B c:\web\lemmons\LuvRespSumCol\home.gif --> byte.stthomas.edu SYS_HTTP_HOME:[PHIL_HTTP.LEMMONS.LUVRESPSUMCOL] home.gif
98.05.19 16:18 B c:\web\lemmons\LuvRespSumCol\ielogo.gif --> byte.stthomas.edu SYS_HTTP_HOME:[PHIL_HTTP.LEMMONS.LUVRESPSUMCOL] ielogo.gif
98.05.19 16:18 B c:\web\lemmons\LuvRespSumCol\img001.GIF --> byte.stthomas.edu SYS_HTTP_HOME:[PHIL_HTTP.LEMMONS.LUVRESPSUMCOL] img001.GIF
98.05.19 16:18 B c:\web\lemmons\LuvRespSumCol\index.htm --> byte.stthomas.edu SYS_HTTP_HOME:[PHIL_HTTP.LEMMONS.LUVRESPSUMCOL] index.htm
98.05.19 16:18 B c:\web\lemmons\LuvRespSumCol\info.gif --> byte.stthomas.edu SYS_HTTP_HOME:[PHIL_HTTP.LEMMONS.LUVRESPSUMCOL] info.gif
98.05.19 16:18 B c:\web\lemmons\LuvRespSumCol\last.gif --> byte.stthomas.edu SYS_HTTP_HOME:[PHIL_HTTP.LEMMONS.LUVRESPSUMCOL] last.gif
98.05.19 16:18 B c:\web\lemmons\LuvRespSumCol\next.gif --> byte.stthomas.edu SYS_HTTP_HOME:[PHIL_HTTP.LEMMONS.LUVRESPSUMCOL] next.gif
98.05.19 16:18 B c:\web\lemmons\LuvRespSumCol\pptani.gif --> byte.stthomas.edu SYS_HTTP_HOME:[PHIL_HTTP.LEMMONS.LUVRESPSUMCOL] pptani.gif
98.05.19 16:18 B c:\web\lemmons\LuvRespSumCol\prev.gif --> byte.stthomas.edu SYS_HTTP_HOME:[PHIL_HTTP.LEMMONS.LUVRESPSUMCOL] prev.gif
98.05.19 16:18 B c:\web\lemmons\LuvRespSumCol\sld001.htm --> byte.stthomas.edu SYS_HTTP_HOME:[PHIL_HTTP.LEMMONS.LUVRESPSUMCOL] sld001.htm
98.05.19 16:18 B c:\web\lemmons\LuvRespSumCol\space.gif --> byte.stthomas.edu SYS_HTTP_HOME:[PHIL_HTTP.LEMMONS.LUVRESPSUMCOL] space.gif
98.05.19 16:18 B c:\web\lemmons\LuvRespSumCol\text.gif --> byte.stthomas.edu SYS_HTTP_HOME:[PHIL_HTTP.LEMMONS.LUVRESPSUMCOL] text.gif
98.05.19 16:18 B c:\web\lemmons\LuvRespSumCol\tsld001.htm --> byte.stthomas.edu SYS_HTTP_HOME:[PHIL_HTTP.LEMMONS.LUVRESPSUMCOL] tsld001.htm
98.05.19 16:19 B c:\web\lemmons\LUVRESPSUMCOL\ACTIVEM.GIF;1 <-- WS_FTP32 SYS_HTTP_HOME:[PHIL_HTTP.LEMMONS.LUVRESPSUMCOL] ACTIVEM.GIF;1
98.05.19 16:19 B c:\web\lemmons\LUVRESPSUMCOL\ACTIVEP.GIF;1 <-- WS_FTP32 SYS_HTTP_HOME:[PHIL_HTTP.LEMMONS.LUVRESPSUMCOL] ACTIVEP.GIF;1
98.05.19 16:19 B c:\web\lemmons\LUVRESPSUMCOL\COLLAPSE.GIF;1 <-- WS_FTP32 SYS_HTTP_HOME:[PHIL_HTTP.LEMMONS.LUVRESPSUMCOL] COLLAPSE.GIF;1
98.05.19 16:19 B c:\web\lemmons\LUVRESPSUMCOL\EXPAND.GIF;1 <-- WS_FTP32 SYS_HTTP_HOME:[PHIL_HTTP.LEMMONS.LUVRESPSUMCOL] EXPAND.GIF;1
98.05.19 16:19 B c:\web\lemmons\LUVRESPSUMCOL\FIRST.GIF;1 <-- WS_FTP32 SYS_HTTP_HOME:[PHIL_HTTP.LEMMONS.LUVRESPSUMCOL] FIRST.GIF;1
98.05.19 16:19 B c:\web\lemmons\LUVRESPSUMCOL\HOME.GIF;1 <-- WS_FTP32 SYS_HTTP_HOME:[PHIL_HTTP.LEMMONS.LUVRESPSUMCOL] HOME.GIF;1
98.05.19 16:19 B c:\web\lemmons\LUVRESPSUMCOL\IELOGO.GIF;1 <-- WS_FTP32 SYS_HTTP_HOME:[PHIL_HTTP.LEMMONS.LUVRESPSUMCOL] IELOGO.GIF;1
98.05.19 16:19 B c:\web\lemmons\LUVRESPSUMCOL\IMG001.GIF;1 <-- WS_FTP32 SYS_HTTP_HOME:[PHIL_HTTP.LEMMONS.LUVRESPSUMCOL] IMG001.GIF;1
98.05.19 16:19 B c:\web\lemmons\LUVRESPSUMCOL\INDEX.HTM;1 <-- WS_FTP32 SYS_HTTP_HOME:[PHIL_HTTP.LEMMONS.LUVRESPSUMCOL] INDEX.HTM;1
98.05.19 16:19 B c:\web\lemmons\LUVRESPSUMCOL\INFO.GIF;1 <-- WS_FTP32 SYS_HTTP_HOME:[PHIL_HTTP.LEMMONS.LUVRESPSUMCOL] INFO.GIF;1
98.05.19 16:19 B c:\web\lemmons\LUVRESPSUMCOL\LAST.GIF;1 <-- WS_FTP32 SYS_HTTP_HOME:[PHIL_HTTP.LEMMONS.LUVRESPSUMCOL] LAST.GIF;1
98.05.19 16:19 B c:\web\lemmons\LUVRESPSUMCOL\NEXT.GIF;1 <-- WS_FTP32 SYS_HTTP_HOME:[PHIL_HTTP.LEMMONS.LUVRESPSUMCOL] NEXT.GIF;1
98.05.19 16:19 B c:\web\lemmons\LUVRESPSUMCOL\PPTANI.GIF;1 <-- WS_FTP32 SYS_HTTP_HOME:[PHIL_HTTP.LEMMONS.LUVRESPSUMCOL] PPTANI.GIF;1
98.05.19 16:19 B c:\web\lemmons\LUVRESPSUMCOL\PREV.GIF;1 <-- WS_FTP32 SYS_HTTP_HOME:[PHIL_HTTP.LEMMONS.LUVRESPSUMCOL] PREV.GIF;1
98.05.19 16:19 B c:\web\lemmons\LUVRESPSUMCOL\SLD001.HTM;1 <-- WS_FTP32 SYS_HTTP_HOME:[PHIL_HTTP.LEMMONS.LUVRESPSUMCOL] SLD001.HTM;1
98.05.19 16:19 B c:\web\lemmons\LUVRESPSUMCOL\SPACE.GIF;1 <-- WS_FTP32 SYS_HTTP_HOME:[PHIL_HTTP.LEMMONS.LUVRESPSUMCOL] SPACE.GIF;1
98.05.19 16:19 B c:\web\lemmons\LUVRESPSUMCOL\TEXT.GIF;1 <-- WS_FTP32 SYS_HTTP_HOME:[PHIL_HTTP.LEMMONS.LUVRESPSUMCOL] TEXT.GIF;1
98.05.19 16:19 B c:\web\lemmons\LUVRESPSUMCOL\TSLD001.HTM;1 <-- WS_FTP32 SYS_HTTP_HOME:[PHIL_HTTP.LEMMONS.LUVRESPSUMCOL] TSLD001.HTM;1
